{"/Users/pankajlal/Desktop/Projects/inventory-manager/mobile/src/api/client.ts": {"path":"/Users/pankajlal/Desktop/Projects/inventory-manager/mobile/src/api/client.ts","statementMap":{"0":{"start":{"line":5,"column":24},"end":{"line":5,"column":53}},"1":{"start":{"line":7,"column":19},"end":{"line":7,"column":34}},"2":{"start":{"line":10,"column":17},"end":{"line":10,"column":59}},"3":{"start":{"line":11,"column":2},"end":{"line":14,"column":3}},"4":{"start":{"line":12,"column":4},"end":{"line":12,"column":46}},"5":{"start":{"line":13,"column":4},"end":{"line":13,"column":40}},"6":{"start":{"line":18,"column":2},"end":{"line":18,"column":41}},"7":{"start":{"line":19,"column":2},"end":{"line":19,"column":38}},"8":{"start":{"line":20,"column":2},"end":{"line":20,"column":59}},"9":{"start":{"line":24,"column":2},"end":{"line":24,"column":22}},"10":{"start":{"line":27,"column":12},"end":{"line":31,"column":2}},"11":{"start":{"line":34,"column":0},"end":{"line":43,"column":2}},"12":{"start":{"line":36,"column":18},"end":{"line":36,"column":64}},"13":{"start":{"line":37,"column":4},"end":{"line":39,"column":5}},"14":{"start":{"line":38,"column":6},"end":{"line":38,"column":55}},"15":{"start":{"line":40,"column":4},"end":{"line":40,"column":18}},"16":{"start":{"line":42,"column":13},"end":{"line":42,"column":34}},"17":{"start":{"line":46,"column":0},"end":{"line":70,"column":2}},"18":{"start":{"line":47,"column":16},"end":{"line":47,"column":24}},"19":{"start":{"line":49,"column":28},"end":{"line":49,"column":40}},"20":{"start":{"line":50,"column":4},"end":{"line":67,"column":5}},"21":{"start":{"line":51,"column":6},"end":{"line":51,"column":36}},"22":{"start":{"line":52,"column":6},"end":{"line":66,"column":7}},"23":{"start":{"line":53,"column":29},"end":{"line":53,"column":76}},"24":{"start":{"line":54,"column":8},"end":{"line":62,"column":9}},"25":{"start":{"line":55,"column":27},"end":{"line":57,"column":12}},"26":{"start":{"line":58,"column":29},"end":{"line":58,"column":42}},"27":{"start":{"line":59,"column":10},"end":{"line":59,"column":65}},"28":{"start":{"line":60,"column":10},"end":{"line":60,"column":69}},"29":{"start":{"line":61,"column":10},"end":{"line":61,"column":38}},"30":{"start":{"line":64,"column":8},"end":{"line":64,"column":58}},"31":{"start":{"line":65,"column":8},"end":{"line":65,"column":59}},"32":{"start":{"line":68,"column":4},"end":{"line":68,"column":33}},"33":{"start":{"line":75,"column":23},"end":{"line":81,"column":1}},"34":{"start":{"line":76,"column":27},"end":{"line":76,"column":60}},"35":{"start":{"line":78,"column":4},"end":{"line":78,"column":52}},"36":{"start":{"line":79,"column":32},"end":{"line":79,"column":71}},"37":{"start":{"line":80,"column":12},"end":{"line":80,"column":32}},"38":{"start":{"line":84,"column":27},"end":{"line":124,"column":1}},"39":{"start":{"line":85,"column":26},"end":{"line":85,"column":59}},"40":{"start":{"line":86,"column":23},"end":{"line":86,"column":50}},"41":{"start":{"line":87,"column":25},"end":{"line":87,"column":53}},"42":{"start":{"line":88,"column":37},"end":{"line":88,"column":72}},"43":{"start":{"line":89,"column":26},"end":{"line":89,"column":56}},"44":{"start":{"line":90,"column":28},"end":{"line":90,"column":64}},"45":{"start":{"line":92,"column":4},"end":{"line":92,"column":52}},"46":{"start":{"line":93,"column":32},"end":{"line":93,"column":73}},"47":{"start":{"line":94,"column":28},"end":{"line":94,"column":64}},"48":{"start":{"line":96,"column":43},"end":{"line":96,"column":45}},"49":{"start":{"line":97,"column":4},"end":{"line":97,"column":50}},"50":{"start":{"line":97,"column":21},"end":{"line":97,"column":50}},"51":{"start":{"line":98,"column":4},"end":{"line":98,"column":42}},"52":{"start":{"line":98,"column":17},"end":{"line":98,"column":42}},"53":{"start":{"line":99,"column":4},"end":{"line":99,"column":67}},"54":{"start":{"line":102,"column":4},"end":{"line":102,"column":64}},"55":{"start":{"line":104,"column":17},"end":{"line":104,"column":62}},"56":{"start":{"line":105,"column":19},"end":{"line":105,"column":61}},"57":{"start":{"line":106,"column":4},"end":{"line":106,"column":81}},"58":{"start":{"line":109,"column":52},"end":{"line":109,"column":54}},"59":{"start":{"line":110,"column":4},"end":{"line":110,"column":52}},"60":{"start":{"line":110,"column":20},"end":{"line":110,"column":52}},"61":{"start":{"line":111,"column":4},"end":{"line":111,"column":49}},"62":{"start":{"line":111,"column":20},"end":{"line":111,"column":49}},"63":{"start":{"line":112,"column":4},"end":{"line":112,"column":65}},"64":{"start":{"line":115,"column":52},"end":{"line":115,"column":54}},"65":{"start":{"line":116,"column":4},"end":{"line":116,"column":52}},"66":{"start":{"line":116,"column":20},"end":{"line":116,"column":52}},"67":{"start":{"line":117,"column":4},"end":{"line":117,"column":49}},"68":{"start":{"line":117,"column":20},"end":{"line":117,"column":49}},"69":{"start":{"line":118,"column":4},"end":{"line":118,"column":72}},"70":{"start":{"line":121,"column":17},"end":{"line":121,"column":62}},"71":{"start":{"line":122,"column":4},"end":{"line":122,"column":71}},"72":{"start":{"line":127,"column":28},"end":{"line":142,"column":1}},"73":{"start":{"line":129,"column":28},"end":{"line":129,"column":58}},"74":{"start":{"line":130,"column":32},"end":{"line":130,"column":63}},"75":{"start":{"line":131,"column":15},"end":{"line":131,"column":37}},"76":{"start":{"line":132,"column":22},"end":{"line":132,"column":53}},"77":{"start":{"line":135,"column":16},"end":{"line":135,"column":46}},"78":{"start":{"line":136,"column":27},"end":{"line":136,"column":64}},"79":{"start":{"line":139,"column":16},"end":{"line":139,"column":44}},"80":{"start":{"line":140,"column":27},"end":{"line":140,"column":62}},"81":{"start":{"line":145,"column":22},"end":{"line":268,"column":1}},"82":{"start":{"line":147,"column":27},"end":{"line":147,"column":56}},"83":{"start":{"line":148,"column":25},"end":{"line":148,"column":53}},"84":{"start":{"line":149,"column":21},"end":{"line":149,"column":67}},"85":{"start":{"line":150,"column":24},"end":{"line":150,"column":58}},"86":{"start":{"line":152,"column":6},"end":{"line":152,"column":49}},"87":{"start":{"line":153,"column":39},"end":{"line":153,"column":75}},"88":{"start":{"line":154,"column":28},"end":{"line":154,"column":59}},"89":{"start":{"line":156,"column":6},"end":{"line":156,"column":47}},"90":{"start":{"line":158,"column":6},"end":{"line":158,"column":63}},"91":{"start":{"line":160,"column":6},"end":{"line":160,"column":62}},"92":{"start":{"line":162,"column":6},"end":{"line":162,"column":57}},"93":{"start":{"line":164,"column":6},"end":{"line":164,"column":79}},"94":{"start":{"line":166,"column":6},"end":{"line":166,"column":50}},"95":{"start":{"line":169,"column":28},"end":{"line":169,"column":65}},"96":{"start":{"line":170,"column":25},"end":{"line":170,"column":56}},"97":{"start":{"line":171,"column":27},"end":{"line":171,"column":59}},"98":{"start":{"line":172,"column":39},"end":{"line":172,"column":78}},"99":{"start":{"line":174,"column":18},"end":{"line":174,"column":40}},"100":{"start":{"line":175,"column":21},"end":{"line":175,"column":42}},"101":{"start":{"line":176,"column":6},"end":{"line":176,"column":48}},"102":{"start":{"line":176,"column":17},"end":{"line":176,"column":48}},"103":{"start":{"line":177,"column":6},"end":{"line":178,"column":72}},"104":{"start":{"line":178,"column":8},"end":{"line":178,"column":72}},"105":{"start":{"line":179,"column":17},"end":{"line":179,"column":34}},"106":{"start":{"line":180,"column":6},"end":{"line":180,"column":51}},"107":{"start":{"line":182,"column":26},"end":{"line":182,"column":63}},"108":{"start":{"line":184,"column":6},"end":{"line":184,"column":53}},"109":{"start":{"line":186,"column":6},"end":{"line":186,"column":56}},"110":{"start":{"line":188,"column":6},"end":{"line":188,"column":53}},"111":{"start":{"line":190,"column":6},"end":{"line":190,"column":54}},"112":{"start":{"line":192,"column":6},"end":{"line":192,"column":50}},"113":{"start":{"line":194,"column":6},"end":{"line":194,"column":61}},"114":{"start":{"line":196,"column":6},"end":{"line":196,"column":56}},"115":{"start":{"line":197,"column":26},"end":{"line":197,"column":63}},"116":{"start":{"line":199,"column":6},"end":{"line":199,"column":66}},"117":{"start":{"line":202,"column":26},"end":{"line":202,"column":67}},"118":{"start":{"line":203,"column":27},"end":{"line":203,"column":69}},"119":{"start":{"line":208,"column":10},"end":{"line":208,"column":61}},"120":{"start":{"line":210,"column":6},"end":{"line":210,"column":73}},"121":{"start":{"line":211,"column":28},"end":{"line":211,"column":71}},"122":{"start":{"line":212,"column":27},"end":{"line":212,"column":69}},"123":{"start":{"line":213,"column":30},"end":{"line":213,"column":75}},"124":{"start":{"line":215,"column":6},"end":{"line":215,"column":54}},"125":{"start":{"line":217,"column":6},"end":{"line":217,"column":69}},"126":{"start":{"line":219,"column":6},"end":{"line":219,"column":74}},"127":{"start":{"line":221,"column":6},"end":{"line":221,"column":62}},"128":{"start":{"line":223,"column":6},"end":{"line":223,"column":66}},"129":{"start":{"line":227,"column":30},"end":{"line":227,"column":74}},"130":{"start":{"line":229,"column":8},"end":{"line":231,"column":10}},"131":{"start":{"line":234,"column":6},"end":{"line":236,"column":7}},"132":{"start":{"line":238,"column":6},"end":{"line":240,"column":8}},"133":{"start":{"line":242,"column":6},"end":{"line":242,"column":73}},"134":{"start":{"line":251,"column":9},"end":{"line":251,"column":69}},"135":{"start":{"line":253,"column":6},"end":{"line":253,"column":67}},"136":{"start":{"line":256,"column":28},"end":{"line":256,"column":65}},"137":{"start":{"line":257,"column":25},"end":{"line":257,"column":56}},"138":{"start":{"line":260,"column":28},"end":{"line":260,"column":61}},"139":{"start":{"line":261,"column":29},"end":{"line":261,"column":68}},"140":{"start":{"line":262,"column":33},"end":{"line":262,"column":76}},"141":{"start":{"line":263,"column":25},"end":{"line":263,"column":52}},"142":{"start":{"line":264,"column":27},"end":{"line":264,"column":55}},"143":{"start":{"line":265,"column":39},"end":{"line":265,"column":74}},"144":{"start":{"line":266,"column":28},"end":{"line":266,"column":58}},"145":{"start":{"line":271,"column":28},"end":{"line":364,"column":1}},"146":{"start":{"line":272,"column":26},"end":{"line":272,"column":60}},"147":{"start":{"line":273,"column":23},"end":{"line":273,"column":51}},"148":{"start":{"line":274,"column":25},"end":{"line":274,"column":54}},"149":{"start":{"line":275,"column":37},"end":{"line":275,"column":73}},"150":{"start":{"line":276,"column":26},"end":{"line":276,"column":57}},"151":{"start":{"line":278,"column":16},"end":{"line":278,"column":44}},"152":{"start":{"line":279,"column":27},"end":{"line":279,"column":62}},"153":{"start":{"line":283,"column":30},"end":{"line":283,"column":69}},"154":{"start":{"line":284,"column":29},"end":{"line":284,"column":63}},"155":{"start":{"line":285,"column":27},"end":{"line":285,"column":60}},"156":{"start":{"line":287,"column":8},"end":{"line":287,"column":49}},"157":{"start":{"line":288,"column":30},"end":{"line":288,"column":66}},"158":{"start":{"line":290,"column":34},"end":{"line":290,"column":77}},"159":{"start":{"line":291,"column":31},"end":{"line":291,"column":70}},"160":{"start":{"line":293,"column":6},"end":{"line":293,"column":61}},"161":{"start":{"line":303,"column":21},"end":{"line":303,"column":34}},"162":{"start":{"line":304,"column":6},"end":{"line":304,"column":70}},"163":{"start":{"line":304,"column":32},"end":{"line":304,"column":70}},"164":{"start":{"line":305,"column":6},"end":{"line":308,"column":8}},"165":{"start":{"line":312,"column":28},"end":{"line":312,"column":71}},"166":{"start":{"line":313,"column":25},"end":{"line":313,"column":62}},"167":{"start":{"line":314,"column":27},"end":{"line":314,"column":65}},"168":{"start":{"line":316,"column":6},"end":{"line":316,"column":51}},"169":{"start":{"line":317,"column":28},"end":{"line":317,"column":68}},"170":{"start":{"line":321,"column":30},"end":{"line":321,"column":78}},"171":{"start":{"line":322,"column":29},"end":{"line":322,"column":72}},"172":{"start":{"line":323,"column":27},"end":{"line":323,"column":69}},"173":{"start":{"line":325,"column":8},"end":{"line":325,"column":58}},"174":{"start":{"line":326,"column":30},"end":{"line":326,"column":75}},"175":{"start":{"line":328,"column":31},"end":{"line":328,"column":79}},"176":{"start":{"line":330,"column":6},"end":{"line":330,"column":70}},"177":{"start":{"line":333,"column":28},"end":{"line":333,"column":71}},"178":{"start":{"line":334,"column":25},"end":{"line":334,"column":62}},"179":{"start":{"line":335,"column":27},"end":{"line":335,"column":65}},"180":{"start":{"line":337,"column":6},"end":{"line":337,"column":51}},"181":{"start":{"line":338,"column":28},"end":{"line":338,"column":68}},"182":{"start":{"line":342,"column":30},"end":{"line":342,"column":78}},"183":{"start":{"line":343,"column":29},"end":{"line":343,"column":72}},"184":{"start":{"line":344,"column":27},"end":{"line":344,"column":69}},"185":{"start":{"line":346,"column":8},"end":{"line":346,"column":58}},"186":{"start":{"line":347,"column":30},"end":{"line":347,"column":75}},"187":{"start":{"line":350,"column":6},"end":{"line":350,"column":54}},"188":{"start":{"line":352,"column":6},"end":{"line":352,"column":70}},"189":{"start":{"line":355,"column":28},"end":{"line":355,"column":70}},"190":{"start":{"line":356,"column":25},"end":{"line":356,"column":61}},"191":{"start":{"line":358,"column":6},"end":{"line":358,"column":57}},"192":{"start":{"line":359,"column":27},"end":{"line":359,"column":64}},"193":{"start":{"line":361,"column":6},"end":{"line":361,"column":50}},"194":{"start":{"line":362,"column":28},"end":{"line":362,"column":67}},"195":{"start":{"line":367,"column":26},"end":{"line":406,"column":1}},"196":{"start":{"line":369,"column":16},"end":{"line":369,"column":39}},"197":{"start":{"line":370,"column":27},"end":{"line":370,"column":57}},"198":{"start":{"line":373,"column":16},"end":{"line":373,"column":35}},"199":{"start":{"line":374,"column":27},"end":{"line":374,"column":53}},"200":{"start":{"line":377,"column":16},"end":{"line":377,"column":38}},"201":{"start":{"line":378,"column":25},"end":{"line":378,"column":53}},"202":{"start":{"line":379,"column":27},"end":{"line":379,"column":56}},"203":{"start":{"line":382,"column":16},"end":{"line":382,"column":35}},"204":{"start":{"line":383,"column":25},"end":{"line":383,"column":50}},"205":{"start":{"line":384,"column":27},"end":{"line":384,"column":53}},"206":{"start":{"line":385,"column":39},"end":{"line":385,"column":72}},"207":{"start":{"line":386,"column":28},"end":{"line":386,"column":56}},"208":{"start":{"line":389,"column":16},"end":{"line":389,"column":39}},"209":{"start":{"line":393,"column":6},"end":{"line":393,"column":59}},"210":{"start":{"line":394,"column":35},"end":{"line":394,"column":80}},"211":{"start":{"line":397,"column":28},"end":{"line":397,"column":75}},"212":{"start":{"line":400,"column":8},"end":{"line":400,"column":61}},"213":{"start":{"line":401,"column":27},"end":{"line":401,"column":74}},"214":{"start":{"line":403,"column":8},"end":{"line":403,"column":63}},"215":{"start":{"line":409,"column":29},"end":{"line":464,"column":1}},"216":{"start":{"line":411,"column":28},"end":{"line":411,"column":62}},"217":{"start":{"line":412,"column":25},"end":{"line":412,"column":53}},"218":{"start":{"line":413,"column":27},"end":{"line":413,"column":56}},"219":{"start":{"line":414,"column":39},"end":{"line":414,"column":75}},"220":{"start":{"line":415,"column":28},"end":{"line":415,"column":59}},"221":{"start":{"line":417,"column":6},"end":{"line":417,"column":56}},"222":{"start":{"line":419,"column":6},"end":{"line":419,"column":65}},"223":{"start":{"line":422,"column":8},"end":{"line":422,"column":50}},"224":{"start":{"line":424,"column":8},"end":{"line":424,"column":57}},"225":{"start":{"line":426,"column":8},"end":{"line":426,"column":56}},"226":{"start":{"line":428,"column":8},"end":{"line":428,"column":71}},"227":{"start":{"line":430,"column":8},"end":{"line":430,"column":76}},"228":{"start":{"line":435,"column":6},"end":{"line":437,"column":8}},"229":{"start":{"line":439,"column":6},"end":{"line":441,"column":8}},"230":{"start":{"line":443,"column":6},"end":{"line":445,"column":8}},"231":{"start":{"line":447,"column":6},"end":{"line":449,"column":8}},"232":{"start":{"line":451,"column":6},"end":{"line":455,"column":7}},"233":{"start":{"line":458,"column":28},"end":{"line":458,"column":62}},"234":{"start":{"line":459,"column":25},"end":{"line":459,"column":53}},"235":{"start":{"line":460,"column":27},"end":{"line":460,"column":56}},"236":{"start":{"line":461,"column":39},"end":{"line":461,"column":75}},"237":{"start":{"line":462,"column":28},"end":{"line":462,"column":59}},"238":{"start":{"line":467,"column":26},"end":{"line":482,"column":1}},"239":{"start":{"line":469,"column":16},"end":{"line":469,"column":40}},"240":{"start":{"line":470,"column":25},"end":{"line":470,"column":55}},"241":{"start":{"line":471,"column":27},"end":{"line":471,"column":58}},"242":{"start":{"line":472,"column":39},"end":{"line":472,"column":77}},"243":{"start":{"line":473,"column":28},"end":{"line":473,"column":61}},"244":{"start":{"line":476,"column":16},"end":{"line":476,"column":39}},"245":{"start":{"line":477,"column":25},"end":{"line":477,"column":54}},"246":{"start":{"line":478,"column":27},"end":{"line":478,"column":57}},"247":{"start":{"line":479,"column":39},"end":{"line":479,"column":76}},"248":{"start":{"line":480,"column":28},"end":{"line":480,"column":60}},"249":{"start":{"line":485,"column":26},"end":{"line":488,"column":1}},"250":{"start":{"line":486,"column":26},"end":{"line":486,"column":61}},"251":{"start":{"line":487,"column":23},"end":{"line":487,"column":52}},"252":{"start":{"line":491,"column":26},"end":{"line":504,"column":1}},"253":{"start":{"line":493,"column":4},"end":{"line":493,"column":50}},"254":{"start":{"line":495,"column":4},"end":{"line":495,"column":49}},"255":{"start":{"line":497,"column":4},"end":{"line":497,"column":54}},"256":{"start":{"line":498,"column":29},"end":{"line":498,"column":69}},"257":{"start":{"line":499,"column":31},"end":{"line":499,"column":73}},"258":{"start":{"line":501,"column":4},"end":{"line":501,"column":51}},"259":{"start":{"line":503,"column":4},"end":{"line":503,"column":51}},"260":{"start":{"line":507,"column":25},"end":{"line":513,"column":1}},"261":{"start":{"line":512,"column":7},"end":{"line":512,"column":69}}},"fnMap":{"0":{"name":"initApiBaseUrl","decl":{"start":{"line":9,"column":22},"end":{"line":9,"column":36}},"loc":{"start":{"line":9,"column":39},"end":{"line":15,"column":1}},"line":9},"1":{"name":"setApiBaseUrl","decl":{"start":{"line":17,"column":22},"end":{"line":17,"column":35}},"loc":{"start":{"line":17,"column":49},"end":{"line":21,"column":1}},"line":17},"2":{"name":"getApiBaseUrl","decl":{"start":{"line":23,"column":16},"end":{"line":23,"column":29}},"loc":{"start":{"line":23,"column":32},"end":{"line":25,"column":1}},"line":23},"3":{"name":"(anonymous_3)","decl":{"start":{"line":35,"column":2},"end":{"line":35,"column":3}},"loc":{"start":{"line":35,"column":20},"end":{"line":41,"column":3}},"line":35},"4":{"name":"(anonymous_4)","decl":{"start":{"line":42,"column":2},"end":{"line":42,"column":3}},"loc":{"start":{"line":42,"column":13},"end":{"line":42,"column":34}},"line":42},"5":{"name":"(anonymous_5)","decl":{"start":{"line":47,"column":2},"end":{"line":47,"column":3}},"loc":{"start":{"line":47,"column":16},"end":{"line":47,"column":24}},"line":47},"6":{"name":"(anonymous_6)","decl":{"start":{"line":48,"column":2},"end":{"line":48,"column":3}},"loc":{"start":{"line":48,"column":19},"end":{"line":69,"column":3}},"line":48},"7":{"name":"(anonymous_7)","decl":{"start":{"line":76,"column":12},"end":{"line":76,"column":13}},"loc":{"start":{"line":76,"column":27},"end":{"line":76,"column":60}},"line":76},"8":{"name":"(anonymous_8)","decl":{"start":{"line":77,"column":9},"end":{"line":77,"column":10}},"loc":{"start":{"line":78,"column":4},"end":{"line":78,"column":52}},"line":78},"9":{"name":"(anonymous_9)","decl":{"start":{"line":79,"column":11},"end":{"line":79,"column":12}},"loc":{"start":{"line":79,"column":32},"end":{"line":79,"column":71}},"line":79},"10":{"name":"(anonymous_10)","decl":{"start":{"line":80,"column":6},"end":{"line":80,"column":7}},"loc":{"start":{"line":80,"column":12},"end":{"line":80,"column":32}},"line":80},"11":{"name":"(anonymous_11)","decl":{"start":{"line":85,"column":8},"end":{"line":85,"column":9}},"loc":{"start":{"line":85,"column":26},"end":{"line":85,"column":59}},"line":85},"12":{"name":"(anonymous_12)","decl":{"start":{"line":86,"column":7},"end":{"line":86,"column":8}},"loc":{"start":{"line":86,"column":23},"end":{"line":86,"column":50}},"line":86},"13":{"name":"(anonymous_13)","decl":{"start":{"line":87,"column":10},"end":{"line":87,"column":11}},"loc":{"start":{"line":87,"column":25},"end":{"line":87,"column":53}},"line":87},"14":{"name":"(anonymous_14)","decl":{"start":{"line":88,"column":10},"end":{"line":88,"column":11}},"loc":{"start":{"line":88,"column":37},"end":{"line":88,"column":72}},"line":88},"15":{"name":"(anonymous_15)","decl":{"start":{"line":89,"column":10},"end":{"line":89,"column":11}},"loc":{"start":{"line":89,"column":26},"end":{"line":89,"column":56}},"line":89},"16":{"name":"(anonymous_16)","decl":{"start":{"line":90,"column":12},"end":{"line":90,"column":13}},"loc":{"start":{"line":90,"column":28},"end":{"line":90,"column":64}},"line":90},"17":{"name":"(anonymous_17)","decl":{"start":{"line":91,"column":12},"end":{"line":91,"column":13}},"loc":{"start":{"line":92,"column":4},"end":{"line":92,"column":52}},"line":92},"18":{"name":"(anonymous_18)","decl":{"start":{"line":93,"column":16},"end":{"line":93,"column":17}},"loc":{"start":{"line":93,"column":32},"end":{"line":93,"column":73}},"line":93},"19":{"name":"(anonymous_19)","decl":{"start":{"line":94,"column":12},"end":{"line":94,"column":13}},"loc":{"start":{"line":94,"column":28},"end":{"line":94,"column":64}},"line":94},"20":{"name":"(anonymous_20)","decl":{"start":{"line":95,"column":13},"end":{"line":95,"column":14}},"loc":{"start":{"line":95,"column":72},"end":{"line":100,"column":3}},"line":95},"21":{"name":"(anonymous_21)","decl":{"start":{"line":101,"column":17},"end":{"line":101,"column":18}},"loc":{"start":{"line":102,"column":4},"end":{"line":102,"column":64}},"line":102},"22":{"name":"(anonymous_22)","decl":{"start":{"line":103,"column":18},"end":{"line":103,"column":19}},"loc":{"start":{"line":103,"column":83},"end":{"line":107,"column":3}},"line":103},"23":{"name":"(anonymous_23)","decl":{"start":{"line":108,"column":13},"end":{"line":108,"column":14}},"loc":{"start":{"line":108,"column":78},"end":{"line":113,"column":3}},"line":108},"24":{"name":"(anonymous_24)","decl":{"start":{"line":114,"column":16},"end":{"line":114,"column":17}},"loc":{"start":{"line":114,"column":81},"end":{"line":119,"column":3}},"line":114},"25":{"name":"(anonymous_25)","decl":{"start":{"line":120,"column":20},"end":{"line":120,"column":21}},"loc":{"start":{"line":120,"column":64},"end":{"line":123,"column":3}},"line":120},"26":{"name":"(anonymous_26)","decl":{"start":{"line":129,"column":10},"end":{"line":129,"column":11}},"loc":{"start":{"line":129,"column":28},"end":{"line":129,"column":58}},"line":129},"27":{"name":"(anonymous_27)","decl":{"start":{"line":130,"column":9},"end":{"line":130,"column":10}},"loc":{"start":{"line":130,"column":32},"end":{"line":130,"column":63}},"line":130},"28":{"name":"(anonymous_28)","decl":{"start":{"line":131,"column":9},"end":{"line":131,"column":10}},"loc":{"start":{"line":131,"column":15},"end":{"line":131,"column":37}},"line":131},"29":{"name":"(anonymous_29)","decl":{"start":{"line":132,"column":16},"end":{"line":132,"column":17}},"loc":{"start":{"line":132,"column":22},"end":{"line":132,"column":53}},"line":132},"30":{"name":"(anonymous_30)","decl":{"start":{"line":135,"column":10},"end":{"line":135,"column":11}},"loc":{"start":{"line":135,"column":16},"end":{"line":135,"column":46}},"line":135},"31":{"name":"(anonymous_31)","decl":{"start":{"line":136,"column":12},"end":{"line":136,"column":13}},"loc":{"start":{"line":136,"column":27},"end":{"line":136,"column":64}},"line":136},"32":{"name":"(anonymous_32)","decl":{"start":{"line":139,"column":10},"end":{"line":139,"column":11}},"loc":{"start":{"line":139,"column":16},"end":{"line":139,"column":44}},"line":139},"33":{"name":"(anonymous_33)","decl":{"start":{"line":140,"column":12},"end":{"line":140,"column":13}},"loc":{"start":{"line":140,"column":27},"end":{"line":140,"column":62}},"line":140},"34":{"name":"(anonymous_34)","decl":{"start":{"line":147,"column":12},"end":{"line":147,"column":13}},"loc":{"start":{"line":147,"column":27},"end":{"line":147,"column":56}},"line":147},"35":{"name":"(anonymous_35)","decl":{"start":{"line":148,"column":9},"end":{"line":148,"column":10}},"loc":{"start":{"line":148,"column":25},"end":{"line":148,"column":53}},"line":148},"36":{"name":"(anonymous_36)","decl":{"start":{"line":149,"column":15},"end":{"line":149,"column":16}},"loc":{"start":{"line":149,"column":21},"end":{"line":149,"column":67}},"line":149},"37":{"name":"(anonymous_37)","decl":{"start":{"line":150,"column":18},"end":{"line":150,"column":19}},"loc":{"start":{"line":150,"column":24},"end":{"line":150,"column":58}},"line":150},"38":{"name":"(anonymous_38)","decl":{"start":{"line":151,"column":17},"end":{"line":151,"column":18}},"loc":{"start":{"line":152,"column":6},"end":{"line":152,"column":49}},"line":152},"39":{"name":"(anonymous_39)","decl":{"start":{"line":153,"column":12},"end":{"line":153,"column":13}},"loc":{"start":{"line":153,"column":39},"end":{"line":153,"column":75}},"line":153},"40":{"name":"(anonymous_40)","decl":{"start":{"line":154,"column":12},"end":{"line":154,"column":13}},"loc":{"start":{"line":154,"column":28},"end":{"line":154,"column":59}},"line":154},"41":{"name":"(anonymous_41)","decl":{"start":{"line":155,"column":13},"end":{"line":155,"column":14}},"loc":{"start":{"line":156,"column":6},"end":{"line":156,"column":47}},"line":156},"42":{"name":"(anonymous_42)","decl":{"start":{"line":157,"column":23},"end":{"line":157,"column":24}},"loc":{"start":{"line":158,"column":6},"end":{"line":158,"column":63}},"line":158},"43":{"name":"(anonymous_43)","decl":{"start":{"line":159,"column":16},"end":{"line":159,"column":17}},"loc":{"start":{"line":160,"column":6},"end":{"line":160,"column":62}},"line":160},"44":{"name":"(anonymous_44)","decl":{"start":{"line":161,"column":16},"end":{"line":161,"column":17}},"loc":{"start":{"line":162,"column":6},"end":{"line":162,"column":57}},"line":162},"45":{"name":"(anonymous_45)","decl":{"start":{"line":163,"column":15},"end":{"line":163,"column":16}},"loc":{"start":{"line":164,"column":6},"end":{"line":164,"column":79}},"line":164},"46":{"name":"(anonymous_46)","decl":{"start":{"line":165,"column":14},"end":{"line":165,"column":15}},"loc":{"start":{"line":166,"column":6},"end":{"line":166,"column":50}},"line":166},"47":{"name":"(anonymous_47)","decl":{"start":{"line":169,"column":10},"end":{"line":169,"column":11}},"loc":{"start":{"line":169,"column":28},"end":{"line":169,"column":65}},"line":169},"48":{"name":"(anonymous_48)","decl":{"start":{"line":170,"column":9},"end":{"line":170,"column":10}},"loc":{"start":{"line":170,"column":25},"end":{"line":170,"column":56}},"line":170},"49":{"name":"(anonymous_49)","decl":{"start":{"line":171,"column":12},"end":{"line":171,"column":13}},"loc":{"start":{"line":171,"column":27},"end":{"line":171,"column":59}},"line":171},"50":{"name":"(anonymous_50)","decl":{"start":{"line":172,"column":12},"end":{"line":172,"column":13}},"loc":{"start":{"line":172,"column":39},"end":{"line":172,"column":78}},"line":172},"51":{"name":"(anonymous_51)","decl":{"start":{"line":173,"column":12},"end":{"line":173,"column":13}},"loc":{"start":{"line":173,"column":69},"end":{"line":181,"column":5}},"line":173},"52":{"name":"(anonymous_52)","decl":{"start":{"line":182,"column":10},"end":{"line":182,"column":11}},"loc":{"start":{"line":182,"column":26},"end":{"line":182,"column":63}},"line":182},"53":{"name":"(anonymous_53)","decl":{"start":{"line":183,"column":14},"end":{"line":183,"column":15}},"loc":{"start":{"line":184,"column":6},"end":{"line":184,"column":53}},"line":184},"54":{"name":"(anonymous_54)","decl":{"start":{"line":185,"column":16},"end":{"line":185,"column":17}},"loc":{"start":{"line":186,"column":6},"end":{"line":186,"column":56}},"line":186},"55":{"name":"(anonymous_55)","decl":{"start":{"line":187,"column":14},"end":{"line":187,"column":15}},"loc":{"start":{"line":188,"column":6},"end":{"line":188,"column":53}},"line":188},"56":{"name":"(anonymous_56)","decl":{"start":{"line":189,"column":19},"end":{"line":189,"column":20}},"loc":{"start":{"line":190,"column":6},"end":{"line":190,"column":54}},"line":190},"57":{"name":"(anonymous_57)","decl":{"start":{"line":191,"column":13},"end":{"line":191,"column":14}},"loc":{"start":{"line":192,"column":6},"end":{"line":192,"column":50}},"line":192},"58":{"name":"(anonymous_58)","decl":{"start":{"line":193,"column":16},"end":{"line":193,"column":17}},"loc":{"start":{"line":194,"column":6},"end":{"line":194,"column":61}},"line":194},"59":{"name":"(anonymous_59)","decl":{"start":{"line":195,"column":16},"end":{"line":195,"column":17}},"loc":{"start":{"line":196,"column":6},"end":{"line":196,"column":56}},"line":196},"60":{"name":"(anonymous_60)","decl":{"start":{"line":197,"column":10},"end":{"line":197,"column":11}},"loc":{"start":{"line":197,"column":26},"end":{"line":197,"column":63}},"line":197},"61":{"name":"(anonymous_61)","decl":{"start":{"line":198,"column":20},"end":{"line":198,"column":21}},"loc":{"start":{"line":199,"column":6},"end":{"line":199,"column":66}},"line":199},"62":{"name":"(anonymous_62)","decl":{"start":{"line":202,"column":11},"end":{"line":202,"column":12}},"loc":{"start":{"line":202,"column":26},"end":{"line":202,"column":67}},"line":202},"63":{"name":"(anonymous_63)","decl":{"start":{"line":203,"column":12},"end":{"line":203,"column":13}},"loc":{"start":{"line":203,"column":27},"end":{"line":203,"column":69}},"line":203},"64":{"name":"(anonymous_64)","decl":{"start":{"line":204,"column":20},"end":{"line":204,"column":21}},"loc":{"start":{"line":208,"column":10},"end":{"line":208,"column":61}},"line":208},"65":{"name":"(anonymous_65)","decl":{"start":{"line":209,"column":15},"end":{"line":209,"column":16}},"loc":{"start":{"line":210,"column":6},"end":{"line":210,"column":73}},"line":210},"66":{"name":"(anonymous_66)","decl":{"start":{"line":211,"column":13},"end":{"line":211,"column":14}},"loc":{"start":{"line":211,"column":28},"end":{"line":211,"column":71}},"line":211},"67":{"name":"(anonymous_67)","decl":{"start":{"line":212,"column":12},"end":{"line":212,"column":13}},"loc":{"start":{"line":212,"column":27},"end":{"line":212,"column":69}},"line":212},"68":{"name":"(anonymous_68)","decl":{"start":{"line":213,"column":15},"end":{"line":213,"column":16}},"loc":{"start":{"line":213,"column":30},"end":{"line":213,"column":75}},"line":213},"69":{"name":"(anonymous_69)","decl":{"start":{"line":214,"column":26},"end":{"line":214,"column":27}},"loc":{"start":{"line":215,"column":6},"end":{"line":215,"column":54}},"line":215},"70":{"name":"(anonymous_70)","decl":{"start":{"line":216,"column":23},"end":{"line":216,"column":24}},"loc":{"start":{"line":217,"column":6},"end":{"line":217,"column":69}},"line":217},"71":{"name":"(anonymous_71)","decl":{"start":{"line":218,"column":20},"end":{"line":218,"column":21}},"loc":{"start":{"line":219,"column":6},"end":{"line":219,"column":74}},"line":219},"72":{"name":"(anonymous_72)","decl":{"start":{"line":220,"column":24},"end":{"line":220,"column":25}},"loc":{"start":{"line":221,"column":6},"end":{"line":221,"column":62}},"line":221},"73":{"name":"(anonymous_73)","decl":{"start":{"line":222,"column":16},"end":{"line":222,"column":17}},"loc":{"start":{"line":223,"column":6},"end":{"line":223,"column":66}},"line":223},"74":{"name":"(anonymous_74)","decl":{"start":{"line":227,"column":12},"end":{"line":227,"column":13}},"loc":{"start":{"line":227,"column":30},"end":{"line":227,"column":74}},"line":227},"75":{"name":"(anonymous_75)","decl":{"start":{"line":228,"column":21},"end":{"line":228,"column":22}},"loc":{"start":{"line":229,"column":8},"end":{"line":231,"column":10}},"line":229},"76":{"name":"(anonymous_76)","decl":{"start":{"line":233,"column":22},"end":{"line":233,"column":23}},"loc":{"start":{"line":234,"column":6},"end":{"line":236,"column":7}},"line":234},"77":{"name":"(anonymous_77)","decl":{"start":{"line":237,"column":21},"end":{"line":237,"column":22}},"loc":{"start":{"line":238,"column":6},"end":{"line":240,"column":8}},"line":238},"78":{"name":"(anonymous_78)","decl":{"start":{"line":241,"column":18},"end":{"line":241,"column":19}},"loc":{"start":{"line":242,"column":6},"end":{"line":242,"column":73}},"line":242},"79":{"name":"(anonymous_79)","decl":{"start":{"line":243,"column":12},"end":{"line":243,"column":13}},"loc":{"start":{"line":251,"column":9},"end":{"line":251,"column":69}},"line":251},"80":{"name":"(anonymous_80)","decl":{"start":{"line":252,"column":19},"end":{"line":252,"column":20}},"loc":{"start":{"line":253,"column":6},"end":{"line":253,"column":67}},"line":253},"81":{"name":"(anonymous_81)","decl":{"start":{"line":256,"column":10},"end":{"line":256,"column":11}},"loc":{"start":{"line":256,"column":28},"end":{"line":256,"column":65}},"line":256},"82":{"name":"(anonymous_82)","decl":{"start":{"line":257,"column":9},"end":{"line":257,"column":10}},"loc":{"start":{"line":257,"column":25},"end":{"line":257,"column":56}},"line":257},"83":{"name":"(anonymous_83)","decl":{"start":{"line":260,"column":10},"end":{"line":260,"column":11}},"loc":{"start":{"line":260,"column":28},"end":{"line":260,"column":61}},"line":260},"84":{"name":"(anonymous_84)","decl":{"start":{"line":261,"column":11},"end":{"line":261,"column":12}},"loc":{"start":{"line":261,"column":29},"end":{"line":261,"column":68}},"line":261},"85":{"name":"(anonymous_85)","decl":{"start":{"line":262,"column":15},"end":{"line":262,"column":16}},"loc":{"start":{"line":262,"column":33},"end":{"line":262,"column":76}},"line":262},"86":{"name":"(anonymous_86)","decl":{"start":{"line":263,"column":9},"end":{"line":263,"column":10}},"loc":{"start":{"line":263,"column":25},"end":{"line":263,"column":52}},"line":263},"87":{"name":"(anonymous_87)","decl":{"start":{"line":264,"column":12},"end":{"line":264,"column":13}},"loc":{"start":{"line":264,"column":27},"end":{"line":264,"column":55}},"line":264},"88":{"name":"(anonymous_88)","decl":{"start":{"line":265,"column":12},"end":{"line":265,"column":13}},"loc":{"start":{"line":265,"column":39},"end":{"line":265,"column":74}},"line":265},"89":{"name":"(anonymous_89)","decl":{"start":{"line":266,"column":12},"end":{"line":266,"column":13}},"loc":{"start":{"line":266,"column":28},"end":{"line":266,"column":58}},"line":266},"90":{"name":"(anonymous_90)","decl":{"start":{"line":272,"column":8},"end":{"line":272,"column":9}},"loc":{"start":{"line":272,"column":26},"end":{"line":272,"column":60}},"line":272},"91":{"name":"(anonymous_91)","decl":{"start":{"line":273,"column":7},"end":{"line":273,"column":8}},"loc":{"start":{"line":273,"column":23},"end":{"line":273,"column":51}},"line":273},"92":{"name":"(anonymous_92)","decl":{"start":{"line":274,"column":10},"end":{"line":274,"column":11}},"loc":{"start":{"line":274,"column":25},"end":{"line":274,"column":54}},"line":274},"93":{"name":"(anonymous_93)","decl":{"start":{"line":275,"column":10},"end":{"line":275,"column":11}},"loc":{"start":{"line":275,"column":37},"end":{"line":275,"column":73}},"line":275},"94":{"name":"(anonymous_94)","decl":{"start":{"line":276,"column":10},"end":{"line":276,"column":11}},"loc":{"start":{"line":276,"column":26},"end":{"line":276,"column":57}},"line":276},"95":{"name":"(anonymous_95)","decl":{"start":{"line":278,"column":10},"end":{"line":278,"column":11}},"loc":{"start":{"line":278,"column":16},"end":{"line":278,"column":44}},"line":278},"96":{"name":"(anonymous_96)","decl":{"start":{"line":279,"column":12},"end":{"line":279,"column":13}},"loc":{"start":{"line":279,"column":27},"end":{"line":279,"column":62}},"line":279},"97":{"name":"(anonymous_97)","decl":{"start":{"line":283,"column":12},"end":{"line":283,"column":13}},"loc":{"start":{"line":283,"column":30},"end":{"line":283,"column":69}},"line":283},"98":{"name":"(anonymous_98)","decl":{"start":{"line":284,"column":14},"end":{"line":284,"column":15}},"loc":{"start":{"line":284,"column":29},"end":{"line":284,"column":63}},"line":284},"99":{"name":"(anonymous_99)","decl":{"start":{"line":285,"column":11},"end":{"line":285,"column":12}},"loc":{"start":{"line":285,"column":27},"end":{"line":285,"column":60}},"line":285},"100":{"name":"(anonymous_100)","decl":{"start":{"line":286,"column":14},"end":{"line":286,"column":15}},"loc":{"start":{"line":287,"column":8},"end":{"line":287,"column":49}},"line":287},"101":{"name":"(anonymous_101)","decl":{"start":{"line":288,"column":14},"end":{"line":288,"column":15}},"loc":{"start":{"line":288,"column":30},"end":{"line":288,"column":66}},"line":288},"102":{"name":"(anonymous_102)","decl":{"start":{"line":290,"column":16},"end":{"line":290,"column":17}},"loc":{"start":{"line":290,"column":34},"end":{"line":290,"column":77}},"line":290},"103":{"name":"(anonymous_103)","decl":{"start":{"line":291,"column":13},"end":{"line":291,"column":14}},"loc":{"start":{"line":291,"column":31},"end":{"line":291,"column":70}},"line":291},"104":{"name":"(anonymous_104)","decl":{"start":{"line":292,"column":20},"end":{"line":292,"column":21}},"loc":{"start":{"line":293,"column":6},"end":{"line":293,"column":61}},"line":293},"105":{"name":"(anonymous_105)","decl":{"start":{"line":294,"column":28},"end":{"line":294,"column":29}},"loc":{"start":{"line":302,"column":9},"end":{"line":309,"column":5}},"line":302},"106":{"name":"(anonymous_106)","decl":{"start":{"line":312,"column":10},"end":{"line":312,"column":11}},"loc":{"start":{"line":312,"column":28},"end":{"line":312,"column":71}},"line":312},"107":{"name":"(anonymous_107)","decl":{"start":{"line":313,"column":9},"end":{"line":313,"column":10}},"loc":{"start":{"line":313,"column":25},"end":{"line":313,"column":62}},"line":313},"108":{"name":"(anonymous_108)","decl":{"start":{"line":314,"column":12},"end":{"line":314,"column":13}},"loc":{"start":{"line":314,"column":27},"end":{"line":314,"column":65}},"line":314},"109":{"name":"(anonymous_109)","decl":{"start":{"line":315,"column":12},"end":{"line":315,"column":13}},"loc":{"start":{"line":316,"column":6},"end":{"line":316,"column":51}},"line":316},"110":{"name":"(anonymous_110)","decl":{"start":{"line":317,"column":12},"end":{"line":317,"column":13}},"loc":{"start":{"line":317,"column":28},"end":{"line":317,"column":68}},"line":317},"111":{"name":"(anonymous_111)","decl":{"start":{"line":321,"column":12},"end":{"line":321,"column":13}},"loc":{"start":{"line":321,"column":30},"end":{"line":321,"column":78}},"line":321},"112":{"name":"(anonymous_112)","decl":{"start":{"line":322,"column":14},"end":{"line":322,"column":15}},"loc":{"start":{"line":322,"column":29},"end":{"line":322,"column":72}},"line":322},"113":{"name":"(anonymous_113)","decl":{"start":{"line":323,"column":11},"end":{"line":323,"column":12}},"loc":{"start":{"line":323,"column":27},"end":{"line":323,"column":69}},"line":323},"114":{"name":"(anonymous_114)","decl":{"start":{"line":324,"column":14},"end":{"line":324,"column":15}},"loc":{"start":{"line":325,"column":8},"end":{"line":325,"column":58}},"line":325},"115":{"name":"(anonymous_115)","decl":{"start":{"line":326,"column":14},"end":{"line":326,"column":15}},"loc":{"start":{"line":326,"column":30},"end":{"line":326,"column":75}},"line":326},"116":{"name":"(anonymous_116)","decl":{"start":{"line":328,"column":13},"end":{"line":328,"column":14}},"loc":{"start":{"line":328,"column":31},"end":{"line":328,"column":79}},"line":328},"117":{"name":"(anonymous_117)","decl":{"start":{"line":329,"column":20},"end":{"line":329,"column":21}},"loc":{"start":{"line":330,"column":6},"end":{"line":330,"column":70}},"line":330},"118":{"name":"(anonymous_118)","decl":{"start":{"line":333,"column":10},"end":{"line":333,"column":11}},"loc":{"start":{"line":333,"column":28},"end":{"line":333,"column":71}},"line":333},"119":{"name":"(anonymous_119)","decl":{"start":{"line":334,"column":9},"end":{"line":334,"column":10}},"loc":{"start":{"line":334,"column":25},"end":{"line":334,"column":62}},"line":334},"120":{"name":"(anonymous_120)","decl":{"start":{"line":335,"column":12},"end":{"line":335,"column":13}},"loc":{"start":{"line":335,"column":27},"end":{"line":335,"column":65}},"line":335},"121":{"name":"(anonymous_121)","decl":{"start":{"line":336,"column":12},"end":{"line":336,"column":13}},"loc":{"start":{"line":337,"column":6},"end":{"line":337,"column":51}},"line":337},"122":{"name":"(anonymous_122)","decl":{"start":{"line":338,"column":12},"end":{"line":338,"column":13}},"loc":{"start":{"line":338,"column":28},"end":{"line":338,"column":68}},"line":338},"123":{"name":"(anonymous_123)","decl":{"start":{"line":342,"column":12},"end":{"line":342,"column":13}},"loc":{"start":{"line":342,"column":30},"end":{"line":342,"column":78}},"line":342},"124":{"name":"(anonymous_124)","decl":{"start":{"line":343,"column":14},"end":{"line":343,"column":15}},"loc":{"start":{"line":343,"column":29},"end":{"line":343,"column":72}},"line":343},"125":{"name":"(anonymous_125)","decl":{"start":{"line":344,"column":11},"end":{"line":344,"column":12}},"loc":{"start":{"line":344,"column":27},"end":{"line":344,"column":69}},"line":344},"126":{"name":"(anonymous_126)","decl":{"start":{"line":345,"column":14},"end":{"line":345,"column":15}},"loc":{"start":{"line":346,"column":8},"end":{"line":346,"column":58}},"line":346},"127":{"name":"(anonymous_127)","decl":{"start":{"line":347,"column":14},"end":{"line":347,"column":15}},"loc":{"start":{"line":347,"column":30},"end":{"line":347,"column":75}},"line":347},"128":{"name":"(anonymous_128)","decl":{"start":{"line":349,"column":13},"end":{"line":349,"column":14}},"loc":{"start":{"line":350,"column":6},"end":{"line":350,"column":54}},"line":350},"129":{"name":"(anonymous_129)","decl":{"start":{"line":351,"column":20},"end":{"line":351,"column":21}},"loc":{"start":{"line":352,"column":6},"end":{"line":352,"column":70}},"line":352},"130":{"name":"(anonymous_130)","decl":{"start":{"line":355,"column":10},"end":{"line":355,"column":11}},"loc":{"start":{"line":355,"column":28},"end":{"line":355,"column":70}},"line":355},"131":{"name":"(anonymous_131)","decl":{"start":{"line":356,"column":9},"end":{"line":356,"column":10}},"loc":{"start":{"line":356,"column":25},"end":{"line":356,"column":61}},"line":356},"132":{"name":"(anonymous_132)","decl":{"start":{"line":357,"column":14},"end":{"line":357,"column":15}},"loc":{"start":{"line":358,"column":6},"end":{"line":358,"column":57}},"line":358},"133":{"name":"(anonymous_133)","decl":{"start":{"line":359,"column":12},"end":{"line":359,"column":13}},"loc":{"start":{"line":359,"column":27},"end":{"line":359,"column":64}},"line":359},"134":{"name":"(anonymous_134)","decl":{"start":{"line":360,"column":12},"end":{"line":360,"column":13}},"loc":{"start":{"line":361,"column":6},"end":{"line":361,"column":50}},"line":361},"135":{"name":"(anonymous_135)","decl":{"start":{"line":362,"column":12},"end":{"line":362,"column":13}},"loc":{"start":{"line":362,"column":28},"end":{"line":362,"column":67}},"line":362},"136":{"name":"(anonymous_136)","decl":{"start":{"line":369,"column":10},"end":{"line":369,"column":11}},"loc":{"start":{"line":369,"column":16},"end":{"line":369,"column":39}},"line":369},"137":{"name":"(anonymous_137)","decl":{"start":{"line":370,"column":12},"end":{"line":370,"column":13}},"loc":{"start":{"line":370,"column":27},"end":{"line":370,"column":57}},"line":370},"138":{"name":"(anonymous_138)","decl":{"start":{"line":373,"column":10},"end":{"line":373,"column":11}},"loc":{"start":{"line":373,"column":16},"end":{"line":373,"column":35}},"line":373},"139":{"name":"(anonymous_139)","decl":{"start":{"line":374,"column":12},"end":{"line":374,"column":13}},"loc":{"start":{"line":374,"column":27},"end":{"line":374,"column":53}},"line":374},"140":{"name":"(anonymous_140)","decl":{"start":{"line":377,"column":10},"end":{"line":377,"column":11}},"loc":{"start":{"line":377,"column":16},"end":{"line":377,"column":38}},"line":377},"141":{"name":"(anonymous_141)","decl":{"start":{"line":378,"column":9},"end":{"line":378,"column":10}},"loc":{"start":{"line":378,"column":25},"end":{"line":378,"column":53}},"line":378},"142":{"name":"(anonymous_142)","decl":{"start":{"line":379,"column":12},"end":{"line":379,"column":13}},"loc":{"start":{"line":379,"column":27},"end":{"line":379,"column":56}},"line":379},"143":{"name":"(anonymous_143)","decl":{"start":{"line":382,"column":10},"end":{"line":382,"column":11}},"loc":{"start":{"line":382,"column":16},"end":{"line":382,"column":35}},"line":382},"144":{"name":"(anonymous_144)","decl":{"start":{"line":383,"column":9},"end":{"line":383,"column":10}},"loc":{"start":{"line":383,"column":25},"end":{"line":383,"column":50}},"line":383},"145":{"name":"(anonymous_145)","decl":{"start":{"line":384,"column":12},"end":{"line":384,"column":13}},"loc":{"start":{"line":384,"column":27},"end":{"line":384,"column":53}},"line":384},"146":{"name":"(anonymous_146)","decl":{"start":{"line":385,"column":12},"end":{"line":385,"column":13}},"loc":{"start":{"line":385,"column":39},"end":{"line":385,"column":72}},"line":385},"147":{"name":"(anonymous_147)","decl":{"start":{"line":386,"column":12},"end":{"line":386,"column":13}},"loc":{"start":{"line":386,"column":28},"end":{"line":386,"column":56}},"line":386},"148":{"name":"(anonymous_148)","decl":{"start":{"line":389,"column":10},"end":{"line":389,"column":11}},"loc":{"start":{"line":389,"column":16},"end":{"line":389,"column":39}},"line":389},"149":{"name":"(anonymous_149)","decl":{"start":{"line":392,"column":15},"end":{"line":392,"column":16}},"loc":{"start":{"line":393,"column":6},"end":{"line":393,"column":59}},"line":393},"150":{"name":"(anonymous_150)","decl":{"start":{"line":394,"column":20},"end":{"line":394,"column":21}},"loc":{"start":{"line":394,"column":35},"end":{"line":394,"column":80}},"line":394},"151":{"name":"(anonymous_151)","decl":{"start":{"line":397,"column":13},"end":{"line":397,"column":14}},"loc":{"start":{"line":397,"column":28},"end":{"line":397,"column":75}},"line":397},"152":{"name":"(anonymous_152)","decl":{"start":{"line":399,"column":12},"end":{"line":399,"column":13}},"loc":{"start":{"line":400,"column":8},"end":{"line":400,"column":61}},"line":400},"153":{"name":"(anonymous_153)","decl":{"start":{"line":401,"column":11},"end":{"line":401,"column":12}},"loc":{"start":{"line":401,"column":27},"end":{"line":401,"column":74}},"line":401},"154":{"name":"(anonymous_154)","decl":{"start":{"line":402,"column":24},"end":{"line":402,"column":25}},"loc":{"start":{"line":403,"column":8},"end":{"line":403,"column":63}},"line":403},"155":{"name":"(anonymous_155)","decl":{"start":{"line":411,"column":10},"end":{"line":411,"column":11}},"loc":{"start":{"line":411,"column":28},"end":{"line":411,"column":62}},"line":411},"156":{"name":"(anonymous_156)","decl":{"start":{"line":412,"column":9},"end":{"line":412,"column":10}},"loc":{"start":{"line":412,"column":25},"end":{"line":412,"column":53}},"line":412},"157":{"name":"(anonymous_157)","decl":{"start":{"line":413,"column":12},"end":{"line":413,"column":13}},"loc":{"start":{"line":413,"column":27},"end":{"line":413,"column":56}},"line":413},"158":{"name":"(anonymous_158)","decl":{"start":{"line":414,"column":12},"end":{"line":414,"column":13}},"loc":{"start":{"line":414,"column":39},"end":{"line":414,"column":75}},"line":414},"159":{"name":"(anonymous_159)","decl":{"start":{"line":415,"column":12},"end":{"line":415,"column":13}},"loc":{"start":{"line":415,"column":28},"end":{"line":415,"column":59}},"line":415},"160":{"name":"(anonymous_160)","decl":{"start":{"line":416,"column":14},"end":{"line":416,"column":15}},"loc":{"start":{"line":417,"column":6},"end":{"line":417,"column":56}},"line":417},"161":{"name":"(anonymous_161)","decl":{"start":{"line":418,"column":23},"end":{"line":418,"column":24}},"loc":{"start":{"line":419,"column":6},"end":{"line":419,"column":65}},"line":419},"162":{"name":"(anonymous_162)","decl":{"start":{"line":421,"column":12},"end":{"line":421,"column":13}},"loc":{"start":{"line":422,"column":8},"end":{"line":422,"column":50}},"line":422},"163":{"name":"(anonymous_163)","decl":{"start":{"line":423,"column":14},"end":{"line":423,"column":15}},"loc":{"start":{"line":424,"column":8},"end":{"line":424,"column":57}},"line":424},"164":{"name":"(anonymous_164)","decl":{"start":{"line":425,"column":14},"end":{"line":425,"column":15}},"loc":{"start":{"line":426,"column":8},"end":{"line":426,"column":56}},"line":426},"165":{"name":"(anonymous_165)","decl":{"start":{"line":427,"column":14},"end":{"line":427,"column":15}},"loc":{"start":{"line":428,"column":8},"end":{"line":428,"column":71}},"line":428},"166":{"name":"(anonymous_166)","decl":{"start":{"line":429,"column":21},"end":{"line":429,"column":22}},"loc":{"start":{"line":430,"column":8},"end":{"line":430,"column":76}},"line":430},"167":{"name":"(anonymous_167)","decl":{"start":{"line":434,"column":10},"end":{"line":434,"column":11}},"loc":{"start":{"line":435,"column":6},"end":{"line":437,"column":8}},"line":435},"168":{"name":"(anonymous_168)","decl":{"start":{"line":438,"column":9},"end":{"line":438,"column":10}},"loc":{"start":{"line":439,"column":6},"end":{"line":441,"column":8}},"line":439},"169":{"name":"(anonymous_169)","decl":{"start":{"line":442,"column":12},"end":{"line":442,"column":13}},"loc":{"start":{"line":443,"column":6},"end":{"line":445,"column":8}},"line":443},"170":{"name":"(anonymous_170)","decl":{"start":{"line":446,"column":12},"end":{"line":446,"column":13}},"loc":{"start":{"line":447,"column":6},"end":{"line":449,"column":8}},"line":447},"171":{"name":"(anonymous_171)","decl":{"start":{"line":450,"column":12},"end":{"line":450,"column":13}},"loc":{"start":{"line":451,"column":6},"end":{"line":455,"column":7}},"line":451},"172":{"name":"(anonymous_172)","decl":{"start":{"line":458,"column":10},"end":{"line":458,"column":11}},"loc":{"start":{"line":458,"column":28},"end":{"line":458,"column":62}},"line":458},"173":{"name":"(anonymous_173)","decl":{"start":{"line":459,"column":9},"end":{"line":459,"column":10}},"loc":{"start":{"line":459,"column":25},"end":{"line":459,"column":53}},"line":459},"174":{"name":"(anonymous_174)","decl":{"start":{"line":460,"column":12},"end":{"line":460,"column":13}},"loc":{"start":{"line":460,"column":27},"end":{"line":460,"column":56}},"line":460},"175":{"name":"(anonymous_175)","decl":{"start":{"line":461,"column":12},"end":{"line":461,"column":13}},"loc":{"start":{"line":461,"column":39},"end":{"line":461,"column":75}},"line":461},"176":{"name":"(anonymous_176)","decl":{"start":{"line":462,"column":12},"end":{"line":462,"column":13}},"loc":{"start":{"line":462,"column":28},"end":{"line":462,"column":59}},"line":462},"177":{"name":"(anonymous_177)","decl":{"start":{"line":469,"column":10},"end":{"line":469,"column":11}},"loc":{"start":{"line":469,"column":16},"end":{"line":469,"column":40}},"line":469},"178":{"name":"(anonymous_178)","decl":{"start":{"line":470,"column":9},"end":{"line":470,"column":10}},"loc":{"start":{"line":470,"column":25},"end":{"line":470,"column":55}},"line":470},"179":{"name":"(anonymous_179)","decl":{"start":{"line":471,"column":12},"end":{"line":471,"column":13}},"loc":{"start":{"line":471,"column":27},"end":{"line":471,"column":58}},"line":471},"180":{"name":"(anonymous_180)","decl":{"start":{"line":472,"column":12},"end":{"line":472,"column":13}},"loc":{"start":{"line":472,"column":39},"end":{"line":472,"column":77}},"line":472},"181":{"name":"(anonymous_181)","decl":{"start":{"line":473,"column":12},"end":{"line":473,"column":13}},"loc":{"start":{"line":473,"column":28},"end":{"line":473,"column":61}},"line":473},"182":{"name":"(anonymous_182)","decl":{"start":{"line":476,"column":10},"end":{"line":476,"column":11}},"loc":{"start":{"line":476,"column":16},"end":{"line":476,"column":39}},"line":476},"183":{"name":"(anonymous_183)","decl":{"start":{"line":477,"column":9},"end":{"line":477,"column":10}},"loc":{"start":{"line":477,"column":25},"end":{"line":477,"column":54}},"line":477},"184":{"name":"(anonymous_184)","decl":{"start":{"line":478,"column":12},"end":{"line":478,"column":13}},"loc":{"start":{"line":478,"column":27},"end":{"line":478,"column":57}},"line":478},"185":{"name":"(anonymous_185)","decl":{"start":{"line":479,"column":12},"end":{"line":479,"column":13}},"loc":{"start":{"line":479,"column":39},"end":{"line":479,"column":76}},"line":479},"186":{"name":"(anonymous_186)","decl":{"start":{"line":480,"column":12},"end":{"line":480,"column":13}},"loc":{"start":{"line":480,"column":28},"end":{"line":480,"column":60}},"line":480},"187":{"name":"(anonymous_187)","decl":{"start":{"line":486,"column":8},"end":{"line":486,"column":9}},"loc":{"start":{"line":486,"column":26},"end":{"line":486,"column":61}},"line":486},"188":{"name":"(anonymous_188)","decl":{"start":{"line":487,"column":7},"end":{"line":487,"column":8}},"loc":{"start":{"line":487,"column":23},"end":{"line":487,"column":52}},"line":487},"189":{"name":"(anonymous_189)","decl":{"start":{"line":492,"column":16},"end":{"line":492,"column":17}},"loc":{"start":{"line":493,"column":4},"end":{"line":493,"column":50}},"line":493},"190":{"name":"(anonymous_190)","decl":{"start":{"line":494,"column":15},"end":{"line":494,"column":16}},"loc":{"start":{"line":495,"column":4},"end":{"line":495,"column":49}},"line":495},"191":{"name":"(anonymous_191)","decl":{"start":{"line":496,"column":20},"end":{"line":496,"column":21}},"loc":{"start":{"line":497,"column":4},"end":{"line":497,"column":54}},"line":497},"192":{"name":"(anonymous_192)","decl":{"start":{"line":498,"column":11},"end":{"line":498,"column":12}},"loc":{"start":{"line":498,"column":29},"end":{"line":498,"column":69}},"line":498},"193":{"name":"(anonymous_193)","decl":{"start":{"line":499,"column":13},"end":{"line":499,"column":14}},"loc":{"start":{"line":499,"column":31},"end":{"line":499,"column":73}},"line":499},"194":{"name":"(anonymous_194)","decl":{"start":{"line":500,"column":17},"end":{"line":500,"column":18}},"loc":{"start":{"line":501,"column":4},"end":{"line":501,"column":51}},"line":501},"195":{"name":"(anonymous_195)","decl":{"start":{"line":502,"column":17},"end":{"line":502,"column":18}},"loc":{"start":{"line":503,"column":4},"end":{"line":503,"column":51}},"line":503},"196":{"name":"(anonymous_196)","decl":{"start":{"line":508,"column":10},"end":{"line":508,"column":11}},"loc":{"start":{"line":512,"column":7},"end":{"line":512,"column":69}},"line":512}},"branchMap":{"0":{"loc":{"start":{"line":11,"column":2},"end":{"line":14,"column":3}},"type":"if","locations":[{"start":{"line":11,"column":2},"end":{"line":14,"column":3}},{"start":{},"end":{}}],"line":11},"1":{"loc":{"start":{"line":37,"column":4},"end":{"line":39,"column":5}},"type":"if","locations":[{"start":{"line":37,"column":4},"end":{"line":39,"column":5}},{"start":{},"end":{}}],"line":37},"2":{"loc":{"start":{"line":50,"column":4},"end":{"line":67,"column":5}},"type":"if","locations":[{"start":{"line":50,"column":4},"end":{"line":67,"column":5}},{"start":{},"end":{}}],"line":50},"3":{"loc":{"start":{"line":50,"column":8},"end":{"line":50,"column":65}},"type":"binary-expr","locations":[{"start":{"line":50,"column":8},"end":{"line":50,"column":38}},{"start":{"line":50,"column":42},"end":{"line":50,"column":65}}],"line":50},"4":{"loc":{"start":{"line":54,"column":8},"end":{"line":62,"column":9}},"type":"if","locations":[{"start":{"line":54,"column":8},"end":{"line":62,"column":9}},{"start":{},"end":{}}],"line":54},"5":{"loc":{"start":{"line":95,"column":31},"end":{"line":95,"column":50}},"type":"default-arg","locations":[{"start":{"line":95,"column":45},"end":{"line":95,"column":50}}],"line":95},"6":{"loc":{"start":{"line":95,"column":52},"end":{"line":95,"column":67}},"type":"default-arg","locations":[{"start":{"line":95,"column":62},"end":{"line":95,"column":67}}],"line":95},"7":{"loc":{"start":{"line":97,"column":4},"end":{"line":97,"column":50}},"type":"if","locations":[{"start":{"line":97,"column":4},"end":{"line":97,"column":50}},{"start":{},"end":{}}],"line":97},"8":{"loc":{"start":{"line":98,"column":4},"end":{"line":98,"column":42}},"type":"if","locations":[{"start":{"line":98,"column":4},"end":{"line":98,"column":42}},{"start":{},"end":{}}],"line":98},"9":{"loc":{"start":{"line":104,"column":17},"end":{"line":104,"column":62}},"type":"cond-expr","locations":[{"start":{"line":104,"column":30},"end":{"line":104,"column":57}},{"start":{"line":104,"column":60},"end":{"line":104,"column":62}}],"line":104},"10":{"loc":{"start":{"line":105,"column":19},"end":{"line":105,"column":61}},"type":"cond-expr","locations":[{"start":{"line":105,"column":32},"end":{"line":105,"column":56}},{"start":{"line":105,"column":59},"end":{"line":105,"column":61}}],"line":105},"11":{"loc":{"start":{"line":110,"column":4},"end":{"line":110,"column":52}},"type":"if","locations":[{"start":{"line":110,"column":4},"end":{"line":110,"column":52}},{"start":{},"end":{}}],"line":110},"12":{"loc":{"start":{"line":111,"column":4},"end":{"line":111,"column":49}},"type":"if","locations":[{"start":{"line":111,"column":4},"end":{"line":111,"column":49}},{"start":{},"end":{}}],"line":111},"13":{"loc":{"start":{"line":116,"column":4},"end":{"line":116,"column":52}},"type":"if","locations":[{"start":{"line":116,"column":4},"end":{"line":116,"column":52}},{"start":{},"end":{}}],"line":116},"14":{"loc":{"start":{"line":117,"column":4},"end":{"line":117,"column":49}},"type":"if","locations":[{"start":{"line":117,"column":4},"end":{"line":117,"column":49}},{"start":{},"end":{}}],"line":117},"15":{"loc":{"start":{"line":121,"column":17},"end":{"line":121,"column":62}},"type":"cond-expr","locations":[{"start":{"line":121,"column":30},"end":{"line":121,"column":57}},{"start":{"line":121,"column":60},"end":{"line":121,"column":62}}],"line":121},"16":{"loc":{"start":{"line":176,"column":6},"end":{"line":176,"column":48}},"type":"if","locations":[{"start":{"line":176,"column":6},"end":{"line":176,"column":48}},{"start":{},"end":{}}],"line":176},"17":{"loc":{"start":{"line":177,"column":6},"end":{"line":178,"column":72}},"type":"if","locations":[{"start":{"line":177,"column":6},"end":{"line":178,"column":72}},{"start":{},"end":{}}],"line":177},"18":{"loc":{"start":{"line":178,"column":39},"end":{"line":178,"column":70}},"type":"cond-expr","locations":[{"start":{"line":178,"column":54},"end":{"line":178,"column":60}},{"start":{"line":178,"column":63},"end":{"line":178,"column":70}}],"line":178},"19":{"loc":{"start":{"line":180,"column":24},"end":{"line":180,"column":49}},"type":"cond-expr","locations":[{"start":{"line":180,"column":29},"end":{"line":180,"column":43}},{"start":{"line":180,"column":46},"end":{"line":180,"column":49}}],"line":180},"20":{"loc":{"start":{"line":239,"column":16},"end":{"line":239,"column":40}},"type":"cond-expr","locations":[{"start":{"line":239,"column":25},"end":{"line":239,"column":35}},{"start":{"line":239,"column":38},"end":{"line":239,"column":40}}],"line":239},"21":{"loc":{"start":{"line":304,"column":6},"end":{"line":304,"column":70}},"type":"if","locations":[{"start":{"line":304,"column":6},"end":{"line":304,"column":70}},{"start":{},"end":{}}],"line":304},"22":{"loc":{"start":{"line":417,"column":45},"end":{"line":417,"column":55}},"type":"binary-expr","locations":[{"start":{"line":417,"column":45},"end":{"line":417,"column":49}},{"start":{"line":417,"column":53},"end":{"line":417,"column":55}}],"line":417},"23":{"loc":{"start":{"line":510,"column":4},"end":{"line":510,"column":16}},"type":"default-arg","locations":[{"start":{"line":510,"column":11},"end":{"line":510,"column":16}}],"line":510}},"s":{"0":1,"1":1,"2":2,"3":2,"4":1,"5":1,"6":2,"7":2,"8":2,"9":6,"10":1,"11":1,"12":0,"13":0,"14":0,"15":0,"16":0,"17":1,"18":0,"19":0,"20":0,"21":0,"22":0,"23":0,"24":0,"25":0,"26":0,"27":0,"28":0,"29":0,"30":0,"31":0,"32":0,"33":1,"34":0,"35":0,"36":0,"37":0,"38":1,"39":0,"40":0,"41":0,"42":0,"43":0,"44":0,"45":0,"46":0,"47":0,"48":0,"49":0,"50":0,"51":0,"52":0,"53":0,"54":0,"55":0,"56":0,"57":0,"58":0,"59":0,"60":0,"61":0,"62":0,"63":0,"64":0,"65":0,"66":0,"67":0,"68":0,"69":0,"70":0,"71":0,"72":1,"73":0,"74":0,"75":0,"76":0,"77":0,"78":0,"79":0,"80":0,"81":1,"82":0,"83":0,"84":0,"85":0,"86":0,"87":0,"88":0,"89":0,"90":0,"91":0,"92":0,"93":0,"94":0,"95":0,"96":0,"97":0,"98":0,"99":0,"100":0,"101":0,"102":0,"103":0,"104":0,"105":0,"106":0,"107":0,"108":0,"109":0,"110":0,"111":0,"112":0,"113":0,"114":0,"115":0,"116":0,"117":0,"118":0,"119":0,"120":0,"121":0,"122":0,"123":0,"124":0,"125":0,"126":0,"127":0,"128":0,"129":0,"130":0,"131":0,"132":0,"133":0,"134":0,"135":0,"136":0,"137":0,"138":0,"139":0,"140":0,"141":0,"142":0,"143":0,"144":0,"145":1,"146":0,"147":0,"148":0,"149":0,"150":0,"151":0,"152":0,"153":0,"154":0,"155":0,"156":0,"157":0,"158":0,"159":0,"160":0,"161":0,"162":0,"163":0,"164":0,"165":0,"166":0,"167":0,"168":0,"169":0,"170":0,"171":0,"172":0,"173":0,"174":0,"175":0,"176":0,"177":0,"178":0,"179":0,"180":0,"181":0,"182":0,"183":0,"184":0,"185":0,"186":0,"187":0,"188":0,"189":0,"190":0,"191":0,"192":0,"193":0,"194":0,"195":1,"196":0,"197":0,"198":0,"199":0,"200":0,"201":0,"202":0,"203":0,"204":0,"205":0,"206":0,"207":0,"208":0,"209":0,"210":0,"211":0,"212":0,"213":0,"214":0,"215":1,"216":0,"217":0,"218":0,"219":0,"220":0,"221":0,"222":0,"223":0,"224":0,"225":0,"226":0,"227":0,"228":0,"229":0,"230":0,"231":0,"232":0,"233":0,"234":0,"235":0,"236":0,"237":0,"238":1,"239":0,"240":0,"241":0,"242":0,"243":0,"244":0,"245":0,"246":0,"247":0,"248":0,"249":1,"250":0,"251":0,"252":1,"253":0,"254":0,"255":0,"256":0,"257":0,"258":0,"259":0,"260":1,"261":0},"f":{"0":2,"1":2,"2":6,"3":0,"4":0,"5":0,"6":0,"7":0,"8":0,"9":0,"10":0,"11":0,"12":0,"13":0,"14":0,"15":0,"16":0,"17":0,"18":0,"19":0,"20":0,"21":0,"22":0,"23":0,"24":0,"25":0,"26":0,"27":0,"28":0,"29":0,"30":0,"31":0,"32":0,"33":0,"34":0,"35":0,"36":0,"37":0,"38":0,"39":0,"40":0,"41":0,"42":0,"43":0,"44":0,"45":0,"46":0,"47":0,"48":0,"49":0,"50":0,"51":0,"52":0,"53":0,"54":0,"55":0,"56":0,"57":0,"58":0,"59":0,"60":0,"61":0,"62":0,"63":0,"64":0,"65":0,"66":0,"67":0,"68":0,"69":0,"70":0,"71":0,"72":0,"73":0,"74":0,"75":0,"76":0,"77":0,"78":0,"79":0,"80":0,"81":0,"82":0,"83":0,"84":0,"85":0,"86":0,"87":0,"88":0,"89":0,"90":0,"91":0,"92":0,"93":0,"94":0,"95":0,"96":0,"97":0,"98":0,"99":0,"100":0,"101":0,"102":0,"103":0,"104":0,"105":0,"106":0,"107":0,"108":0,"109":0,"110":0,"111":0,"112":0,"113":0,"114":0,"115":0,"116":0,"117":0,"118":0,"119":0,"120":0,"121":0,"122":0,"123":0,"124":0,"125":0,"126":0,"127":0,"128":0,"129":0,"130":0,"131":0,"132":0,"133":0,"134":0,"135":0,"136":0,"137":0,"138":0,"139":0,"140":0,"141":0,"142":0,"143":0,"144":0,"145":0,"146":0,"147":0,"148":0,"149":0,"150":0,"151":0,"152":0,"153":0,"154":0,"155":0,"156":0,"157":0,"158":0,"159":0,"160":0,"161":0,"162":0,"163":0,"164":0,"165":0,"166":0,"167":0,"168":0,"169":0,"170":0,"171":0,"172":0,"173":0,"174":0,"175":0,"176":0,"177":0,"178":0,"179":0,"180":0,"181":0,"182":0,"183":0,"184":0,"185":0,"186":0,"187":0,"188":0,"189":0,"190":0,"191":0,"192":0,"193":0,"194":0,"195":0,"196":0},"b":{"0":[1,1],"1":[0,0],"2":[0,0],"3":[0,0],"4":[0,0],"5":[0],"6":[0],"7":[0,0],"8":[0,0],"9":[0,0],"10":[0,0],"11":[0,0],"12":[0,0],"13":[0,0],"14":[0,0],"15":[0,0],"16":[0,0],"17":[0,0],"18":[0,0],"19":[0,0],"20":[0,0],"21":[0,0],"22":[0,0],"23":[0]},"_coverageSchema":"1a1c01bbd47fc00a2c39e90264f33305004495a9","hash":"8640eb87798859b56e0300542c6839d5f516204c"}
,"/Users/pankajlal/Desktop/Projects/inventory-manager/mobile/src/components/BarcodeScanner.tsx": {"path":"/Users/pankajlal/Desktop/Projects/inventory-manager/mobile/src/components/BarcodeScanner.tsx","statementMap":{"0":{"start":{"line":13,"column":42},"end":{"line":13,"column":64}},"1":{"start":{"line":14,"column":32},"end":{"line":14,"column":47}},"2":{"start":{"line":16,"column":2},"end":{"line":16,"column":60}},"3":{"start":{"line":16,"column":19},"end":{"line":16,"column":60}},"4":{"start":{"line":18,"column":2},"end":{"line":32,"column":3}},"5":{"start":{"line":19,"column":4},"end":{"line":31,"column":6}},"6":{"start":{"line":34,"column":31},"end":{"line":39,"column":3}},"7":{"start":{"line":35,"column":4},"end":{"line":35,"column":24}},"8":{"start":{"line":35,"column":17},"end":{"line":35,"column":24}},"9":{"start":{"line":36,"column":4},"end":{"line":36,"column":21}},"10":{"start":{"line":37,"column":4},"end":{"line":37,"column":17}},"11":{"start":{"line":38,"column":4},"end":{"line":38,"column":46}},"12":{"start":{"line":38,"column":21},"end":{"line":38,"column":38}},"13":{"start":{"line":41,"column":2},"end":{"line":82,"column":4}},"14":{"start":{"line":85,"column":15},"end":{"line":133,"column":2}}},"fnMap":{"0":{"name":"BarcodeScanner","decl":{"start":{"line":12,"column":24},"end":{"line":12,"column":38}},"loc":{"start":{"line":12,"column":81},"end":{"line":83,"column":1}},"line":12},"1":{"name":"(anonymous_1)","decl":{"start":{"line":34,"column":31},"end":{"line":34,"column":32}},"loc":{"start":{"line":34,"column":63},"end":{"line":39,"column":3}},"line":34},"2":{"name":"(anonymous_2)","decl":{"start":{"line":38,"column":15},"end":{"line":38,"column":16}},"loc":{"start":{"line":38,"column":21},"end":{"line":38,"column":38}},"line":38}},"branchMap":{"0":{"loc":{"start":{"line":16,"column":2},"end":{"line":16,"column":60}},"type":"if","locations":[{"start":{"line":16,"column":2},"end":{"line":16,"column":60}},{"start":{},"end":{}}],"line":16},"1":{"loc":{"start":{"line":18,"column":2},"end":{"line":32,"column":3}},"type":"if","locations":[{"start":{"line":18,"column":2},"end":{"line":32,"column":3}},{"start":{},"end":{}}],"line":18},"2":{"loc":{"start":{"line":35,"column":4},"end":{"line":35,"column":24}},"type":"if","locations":[{"start":{"line":35,"column":4},"end":{"line":35,"column":24}},{"start":{},"end":{}}],"line":35},"3":{"loc":{"start":{"line":60,"column":26},"end":{"line":60,"column":68}},"type":"cond-expr","locations":[{"start":{"line":60,"column":36},"end":{"line":60,"column":45}},{"start":{"line":60,"column":48},"end":{"line":60,"column":68}}],"line":60},"4":{"loc":{"start":{"line":77,"column":13},"end":{"line":77,"column":61}},"type":"cond-expr","locations":[{"start":{"line":77,"column":23},"end":{"line":77,"column":33}},{"start":{"line":77,"column":36},"end":{"line":77,"column":61}}],"line":77}},"s":{"0":0,"1":0,"2":0,"3":0,"4":0,"5":0,"6":0,"7":0,"8":0,"9":0,"10":0,"11":0,"12":0,"13":0,"14":3},"f":{"0":0,"1":0,"2":0},"b":{"0":[0,0],"1":[0,0],"2":[0,0],"3":[0,0],"4":[0,0]},"_coverageSchema":"1a1c01bbd47fc00a2c39e90264f33305004495a9","hash":"4e8b229d46768dbbfcd60b03c00a8d60cd350c33"}
,"/Users/pankajlal/Desktop/Projects/inventory-manager/mobile/src/constants/theme.ts": {"path":"/Users/pankajlal/Desktop/Projects/inventory-manager/mobile/src/constants/theme.ts","statementMap":{"0":{"start":{"line":3,"column":21},"end":{"line":20,"column":1}},"1":{"start":{"line":22,"column":22},"end":{"line":42,"column":1}}},"fnMap":{},"branchMap":{},"s":{"0":7,"1":7},"f":{},"b":{},"_coverageSchema":"1a1c01bbd47fc00a2c39e90264f33305004495a9","hash":"386ddeff0ea70f8f82ba37615c95571b85776b7a"}
,"/Users/pankajlal/Desktop/Projects/inventory-manager/mobile/src/contexts/AuthContext.tsx": {"path":"/Users/pankajlal/Desktop/Projects/inventory-manager/mobile/src/contexts/AuthContext.tsx","statementMap":{"0":{"start":{"line":16,"column":20},"end":{"line":16,"column":73}},"1":{"start":{"line":19,"column":26},"end":{"line":19,"column":53}},"2":{"start":{"line":20,"column":36},"end":{"line":20,"column":50}},"3":{"start":{"line":22,"column":19},"end":{"line":36,"column":8}},"4":{"start":{"line":23,"column":4},"end":{"line":35,"column":5}},"5":{"start":{"line":24,"column":20},"end":{"line":24,"column":66}},"6":{"start":{"line":25,"column":6},"end":{"line":28,"column":7}},"7":{"start":{"line":26,"column":8},"end":{"line":26,"column":22}},"8":{"start":{"line":27,"column":8},"end":{"line":27,"column":15}},"9":{"start":{"line":29,"column":23},"end":{"line":29,"column":41}},"10":{"start":{"line":30,"column":6},"end":{"line":30,"column":29}},"11":{"start":{"line":32,"column":6},"end":{"line":32,"column":20}},"12":{"start":{"line":33,"column":6},"end":{"line":33,"column":56}},"13":{"start":{"line":34,"column":6},"end":{"line":34,"column":57}},"14":{"start":{"line":38,"column":2},"end":{"line":40,"column":17}},"15":{"start":{"line":39,"column":4},"end":{"line":39,"column":50}},"16":{"start":{"line":39,"column":29},"end":{"line":39,"column":48}},"17":{"start":{"line":42,"column":16},"end":{"line":48,"column":3}},"18":{"start":{"line":43,"column":21},"end":{"line":43,"column":60}},"19":{"start":{"line":44,"column":32},"end":{"line":44,"column":45}},"20":{"start":{"line":45,"column":4},"end":{"line":45,"column":59}},"21":{"start":{"line":46,"column":4},"end":{"line":46,"column":61}},"22":{"start":{"line":47,"column":4},"end":{"line":47,"column":21}},"23":{"start":{"line":50,"column":19},"end":{"line":56,"column":3}},"24":{"start":{"line":51,"column":21},"end":{"line":51,"column":49}},"25":{"start":{"line":52,"column":32},"end":{"line":52,"column":45}},"26":{"start":{"line":53,"column":4},"end":{"line":53,"column":59}},"27":{"start":{"line":54,"column":4},"end":{"line":54,"column":61}},"28":{"start":{"line":55,"column":4},"end":{"line":55,"column":21}},"29":{"start":{"line":58,"column":17},"end":{"line":62,"column":3}},"30":{"start":{"line":59,"column":4},"end":{"line":59,"column":54}},"31":{"start":{"line":60,"column":4},"end":{"line":60,"column":55}},"32":{"start":{"line":61,"column":4},"end":{"line":61,"column":18}},"33":{"start":{"line":64,"column":2},"end":{"line":78,"column":4}},"34":{"start":{"line":82,"column":18},"end":{"line":82,"column":41}},"35":{"start":{"line":83,"column":2},"end":{"line":83,"column":79}},"36":{"start":{"line":83,"column":16},"end":{"line":83,"column":79}},"37":{"start":{"line":84,"column":2},"end":{"line":84,"column":17}}},"fnMap":{"0":{"name":"AuthProvider","decl":{"start":{"line":18,"column":16},"end":{"line":18,"column":28}},"loc":{"start":{"line":18,"column":74},"end":{"line":79,"column":1}},"line":18},"1":{"name":"(anonymous_1)","decl":{"start":{"line":22,"column":31},"end":{"line":22,"column":32}},"loc":{"start":{"line":22,"column":43},"end":{"line":36,"column":3}},"line":22},"2":{"name":"(anonymous_2)","decl":{"start":{"line":38,"column":12},"end":{"line":38,"column":13}},"loc":{"start":{"line":38,"column":18},"end":{"line":40,"column":3}},"line":38},"3":{"name":"(anonymous_3)","decl":{"start":{"line":39,"column":23},"end":{"line":39,"column":24}},"loc":{"start":{"line":39,"column":29},"end":{"line":39,"column":48}},"line":39},"4":{"name":"(anonymous_4)","decl":{"start":{"line":42,"column":16},"end":{"line":42,"column":17}},"loc":{"start":{"line":42,"column":62},"end":{"line":48,"column":3}},"line":42},"5":{"name":"(anonymous_5)","decl":{"start":{"line":50,"column":19},"end":{"line":50,"column":20}},"loc":{"start":{"line":50,"column":40},"end":{"line":56,"column":3}},"line":50},"6":{"name":"(anonymous_6)","decl":{"start":{"line":58,"column":17},"end":{"line":58,"column":18}},"loc":{"start":{"line":58,"column":29},"end":{"line":62,"column":3}},"line":58},"7":{"name":"useAuth","decl":{"start":{"line":81,"column":16},"end":{"line":81,"column":23}},"loc":{"start":{"line":81,"column":26},"end":{"line":85,"column":1}},"line":81}},"branchMap":{"0":{"loc":{"start":{"line":25,"column":6},"end":{"line":28,"column":7}},"type":"if","locations":[{"start":{"line":25,"column":6},"end":{"line":28,"column":7}},{"start":{},"end":{}}],"line":25},"1":{"loc":{"start":{"line":83,"column":2},"end":{"line":83,"column":79}},"type":"if","locations":[{"start":{"line":83,"column":2},"end":{"line":83,"column":79}},{"start":{},"end":{}}],"line":83}},"s":{"0":0,"1":0,"2":0,"3":0,"4":0,"5":0,"6":0,"7":0,"8":0,"9":0,"10":0,"11":0,"12":0,"13":0,"14":0,"15":0,"16":0,"17":0,"18":0,"19":0,"20":0,"21":0,"22":0,"23":0,"24":0,"25":0,"26":0,"27":0,"28":0,"29":0,"30":0,"31":0,"32":0,"33":0,"34":0,"35":0,"36":0,"37":0},"f":{"0":0,"1":0,"2":0,"3":0,"4":0,"5":0,"6":0,"7":0},"b":{"0":[0,0],"1":[0,0]}}
,"/Users/pankajlal/Desktop/Projects/inventory-manager/mobile/src/contexts/ToastContext.tsx": {"path":"/Users/pankajlal/Desktop/Projects/inventory-manager/mobile/src/contexts/ToastContext.tsx","statementMap":{"0":{"start":{"line":19,"column":21},"end":{"line":19,"column":75}},"1":{"start":{"line":21,"column":79},"end":{"line":21,"column":83}},"2":{"start":{"line":24,"column":30},"end":{"line":24,"column":55}},"3":{"start":{"line":26,"column":20},"end":{"line":32,"column":8}},"4":{"start":{"line":27,"column":15},"end":{"line":27,"column":57}},"5":{"start":{"line":28,"column":4},"end":{"line":28,"column":58}},"6":{"start":{"line":28,"column":24},"end":{"line":28,"column":56}},"7":{"start":{"line":29,"column":4},"end":{"line":31,"column":13}},"8":{"start":{"line":30,"column":6},"end":{"line":30,"column":59}},"9":{"start":{"line":30,"column":26},"end":{"line":30,"column":57}},"10":{"start":{"line":30,"column":45},"end":{"line":30,"column":56}},"11":{"start":{"line":34,"column":2},"end":{"line":37,"column":18}},"12":{"start":{"line":35,"column":4},"end":{"line":35,"column":35}},"13":{"start":{"line":36,"column":4},"end":{"line":36,"column":48}},"14":{"start":{"line":36,"column":19},"end":{"line":36,"column":45}},"15":{"start":{"line":39,"column":34},"end":{"line":44,"column":3}},"16":{"start":{"line":41,"column":26},"end":{"line":41,"column":55}},"17":{"start":{"line":42,"column":24},"end":{"line":42,"column":51}},"18":{"start":{"line":43,"column":23},"end":{"line":43,"column":49}},"19":{"start":{"line":46,"column":2},"end":{"line":61,"column":4}},"20":{"start":{"line":51,"column":10},"end":{"line":57,"column":22}},"21":{"start":{"line":54,"column":27},"end":{"line":54,"column":81}},"22":{"start":{"line":54,"column":47},"end":{"line":54,"column":80}},"23":{"start":{"line":54,"column":66},"end":{"line":54,"column":79}},"24":{"start":{"line":65,"column":18},"end":{"line":65,"column":42}},"25":{"start":{"line":66,"column":2},"end":{"line":66,"column":80}},"26":{"start":{"line":66,"column":16},"end":{"line":66,"column":80}},"27":{"start":{"line":67,"column":2},"end":{"line":67,"column":17}},"28":{"start":{"line":71,"column":2},"end":{"line":71,"column":38}},"29":{"start":{"line":74,"column":15},"end":{"line":105,"column":2}}},"fnMap":{"0":{"name":"ToastProvider","decl":{"start":{"line":23,"column":16},"end":{"line":23,"column":29}},"loc":{"start":{"line":23,"column":75},"end":{"line":62,"column":1}},"line":23},"1":{"name":"(anonymous_1)","decl":{"start":{"line":26,"column":32},"end":{"line":26,"column":33}},"loc":{"start":{"line":26,"column":82},"end":{"line":32,"column":3}},"line":26},"2":{"name":"(anonymous_2)","decl":{"start":{"line":28,"column":14},"end":{"line":28,"column":15}},"loc":{"start":{"line":28,"column":24},"end":{"line":28,"column":56}},"line":28},"3":{"name":"(anonymous_3)","decl":{"start":{"line":29,"column":15},"end":{"line":29,"column":16}},"loc":{"start":{"line":29,"column":21},"end":{"line":31,"column":5}},"line":29},"4":{"name":"(anonymous_4)","decl":{"start":{"line":30,"column":16},"end":{"line":30,"column":17}},"loc":{"start":{"line":30,"column":26},"end":{"line":30,"column":57}},"line":30},"5":{"name":"(anonymous_5)","decl":{"start":{"line":30,"column":38},"end":{"line":30,"column":39}},"loc":{"start":{"line":30,"column":45},"end":{"line":30,"column":56}},"line":30},"6":{"name":"(anonymous_6)","decl":{"start":{"line":34,"column":18},"end":{"line":34,"column":19}},"loc":{"start":{"line":34,"column":24},"end":{"line":37,"column":3}},"line":34},"7":{"name":"(anonymous_7)","decl":{"start":{"line":36,"column":11},"end":{"line":36,"column":12}},"loc":{"start":{"line":36,"column":17},"end":{"line":36,"column":47}},"line":36},"8":{"name":"(anonymous_8)","decl":{"start":{"line":41,"column":13},"end":{"line":41,"column":14}},"loc":{"start":{"line":41,"column":26},"end":{"line":41,"column":55}},"line":41},"9":{"name":"(anonymous_9)","decl":{"start":{"line":42,"column":11},"end":{"line":42,"column":12}},"loc":{"start":{"line":42,"column":24},"end":{"line":42,"column":51}},"line":42},"10":{"name":"(anonymous_10)","decl":{"start":{"line":43,"column":10},"end":{"line":43,"column":11}},"loc":{"start":{"line":43,"column":23},"end":{"line":43,"column":49}},"line":43},"11":{"name":"(anonymous_11)","decl":{"start":{"line":50,"column":20},"end":{"line":50,"column":21}},"loc":{"start":{"line":51,"column":10},"end":{"line":57,"column":22}},"line":51},"12":{"name":"(anonymous_12)","decl":{"start":{"line":54,"column":21},"end":{"line":54,"column":22}},"loc":{"start":{"line":54,"column":27},"end":{"line":54,"column":81}},"line":54},"13":{"name":"(anonymous_13)","decl":{"start":{"line":54,"column":37},"end":{"line":54,"column":38}},"loc":{"start":{"line":54,"column":47},"end":{"line":54,"column":80}},"line":54},"14":{"name":"(anonymous_14)","decl":{"start":{"line":54,"column":59},"end":{"line":54,"column":60}},"loc":{"start":{"line":54,"column":66},"end":{"line":54,"column":79}},"line":54},"15":{"name":"useToast","decl":{"start":{"line":64,"column":16},"end":{"line":64,"column":24}},"loc":{"start":{"line":64,"column":27},"end":{"line":68,"column":1}},"line":64},"16":{"name":"toast","decl":{"start":{"line":70,"column":16},"end":{"line":70,"column":21}},"loc":{"start":{"line":70,"column":65},"end":{"line":72,"column":1}},"line":70}},"branchMap":{"0":{"loc":{"start":{"line":26,"column":50},"end":{"line":26,"column":77}},"type":"default-arg","locations":[{"start":{"line":26,"column":68},"end":{"line":26,"column":77}}],"line":26},"1":{"loc":{"start":{"line":66,"column":2},"end":{"line":66,"column":80}},"type":"if","locations":[{"start":{"line":66,"column":2},"end":{"line":66,"column":80}},{"start":{},"end":{}}],"line":66},"2":{"loc":{"start":{"line":70,"column":39},"end":{"line":70,"column":63}},"type":"default-arg","locations":[{"start":{"line":70,"column":57},"end":{"line":70,"column":63}}],"line":70}},"s":{"0":1,"1":1,"2":0,"3":0,"4":0,"5":0,"6":0,"7":0,"8":0,"9":0,"10":0,"11":0,"12":0,"13":0,"14":0,"15":0,"16":0,"17":0,"18":0,"19":0,"20":0,"21":0,"22":0,"23":0,"24":0,"25":0,"26":0,"27":0,"28":4,"29":1},"f":{"0":0,"1":0,"2":0,"3":0,"4":0,"5":0,"6":0,"7":0,"8":0,"9":0,"10":0,"11":0,"12":0,"13":0,"14":0,"15":0,"16":4},"b":{"0":[0],"1":[0,0],"2":[1]},"_coverageSchema":"1a1c01bbd47fc00a2c39e90264f33305004495a9","hash":"88d01ac4d4e57d966153d4b9f83f041c405e4967"}
,"/Users/pankajlal/Desktop/Projects/inventory-manager/mobile/src/types/index.ts": {"path":"/Users/pankajlal/Desktop/Projects/inventory-manager/mobile/src/types/index.ts","statementMap":{},"fnMap":{},"branchMap":{},"s":{},"f":{},"b":{}}
[...]
}},{"start":{},"end":{}}],"line":72},"25":{"loc":{"start":{"line":80,"column":2},"end":{"line":80,"column":30}},"type":"if","locations":[{"start":{"line":80,"column":2},"end":{"line":80,"column":30}},{"start":{},"end":{}}],"line":80},"26":{"loc":{"start":{"line":82,"column":2},"end":{"line":92,"column":3}},"type":"if","locations":[{"start":{"line":82,"column":2},"end":{"line":92,"column":3}},{"start":{"line":90,"column":9},"end":{"line":92,"column":3}}],"line":82},"27":{"loc":{"start":{"line":84,"column":4},"end":{"line":89,"column":5}},"type":"if","locations":[{"start":{"line":84,"column":4},"end":{"line":89,"column":5}},{"start":{"line":87,"column":11},"end":{"line":89,"column":5}}],"line":84},"28":{"loc":{"start":{"line":93,"column":2},"end":{"line":93,"column":36}},"type":"if","locations":[{"start":{"line":93,"column":2},"end":{"line":93,"column":36}},{"start":{},"end":{}}],"line":93},"29":{"loc":{"start":{"line":101,"column":2},"end":{"line":101,"column":66}},"type":"if","locations":[{"start":{"line":101,"column":2},"end":{"line":101,"column":66}},{"start":{},"end":{}}],"line":101},"30":{"loc":{"start":{"line":101,"column":6},"end":{"line":101,"column":54}},"type":"binary-expr","locations":[{"start":{"line":101,"column":6},"end":{"line":101,"column":14}},{"start":{"line":101,"column":18},"end":{"line":101,"column":54}}],"line":101},"31":{"loc":{"start":{"line":107,"column":2},"end":{"line":107,"column":66}},"type":"if","locations":[{"start":{"line":107,"column":2},"end":{"line":107,"column":66}},{"start":{},"end":{}}],"line":107},"32":{"loc":{"start":{"line":107,"column":6},"end":{"line":107,"column":54}},"type":"binary-expr","locations":[{"start":{"line":107,"column":6},"end":{"line":107,"column":14}},{"start":{"line":107,"column":18},"end":{"line":107,"column":54}}],"line":107},"33":{"loc":{"start":{"line":115,"column":2},"end":{"line":115,"column":66}},"type":"if","locations":[{"start":{"line":115,"column":2},"end":{"line":115,"column":66}},{"start":{},"end":{}}],"line":115},"34":{"loc":{"start":{"line":115,"column":6},"end":{"line":115,"column":54}},"type":"binary-expr","locations":[{"start":{"line":115,"column":6},"end":{"line":115,"column":14}},{"start":{"line":115,"column":18},"end":{"line":115,"column":54}}],"line":115},"35":{"loc":{"start":{"line":120,"column":35},"end":{"line":120,"column":67}},"type":"default-arg","locations":[{"start":{"line":120,"column":57},"end":{"line":120,"column":67}}],"line":120},"36":{"loc":{"start":{"line":124,"column":62},"end":{"line":124,"column":94}},"type":"default-arg","locations":[{"start":{"line":124,"column":84},"end":{"line":124,"column":94}}],"line":124},"37":{"loc":{"start":{"line":132,"column":2},"end":{"line":132,"column":34}},"type":"default-arg","locations":[{"start":{"line":132,"column":24},"end":{"line":132,"column":34}}],"line":132},"38":{"loc":{"start":{"line":135,"column":2},"end":{"line":135,"column":72}},"type":"if","locations":[{"start":{"line":135,"column":2},"end":{"line":135,"column":72}},{"start":{},"end":{}}],"line":135},"39":{"loc":{"start":{"line":136,"column":2},"end":{"line":137,"column":87}},"type":"if","locations":[{"start":{"line":136,"column":2},"end":{"line":137,"column":87}},{"start":{},"end":{}}],"line":136},"40":{"loc":{"start":{"line":143,"column":2},"end":{"line":143,"column":43}},"type":"if","locations":[{"start":{"line":143,"column":2},"end":{"line":143,"column":43}},{"start":{},"end":{}}],"line":143},"41":{"loc":{"start":{"line":143,"column":6},"end":{"line":143,"column":28}},"type":"binary-expr","locations":[{"start":{"line":143,"column":6},"end":{"line":143,"column":16}},{"start":{"line":143,"column":20},"end":{"line":143,"column":28}}],"line":143},"42":{"loc":{"start":{"line":144,"column":2},"end":{"line":144,"column":41}},"type":"if","locations":[{"start":{"line":144,"column":2},"end":{"line":144,"column":41}},{"start":{},"end":{}}],"line":144},"43":{"loc":{"start":{"line":150,"column":5},"end":{"line":150,"column":92}},"type":"binary-expr","locations":[{"start":{"line":150,"column":5},"end":{"line":150,"column":18}},{"start":{"line":150,"column":22},"end":{"line":150,"column":54}},{"start":{"line":150,"column":58},"end":{"line":150,"column":92}}],"line":150},"44":{"loc":{"start":{"line":153,"column":2},"end":{"line":155,"column":3}},"type":"if","locations":[{"start":{"line":153,"column":2},"end":{"line":155,"column":3}},{"start":{},"end":{}}],"line":153},"45":{"loc":{"start":{"line":158,"column":4},"end":{"line":160,"column":53}},"type":"cond-expr","locations":[{"start":{"line":159,"column":8},"end":{"line":159,"column":34}},{"start":{"line":160,"column":8},"end":{"line":160,"column":53}}],"line":158},"46":{"loc":{"start":{"line":160,"column":19},"end":{"line":160,"column":52}},"type":"binary-expr","locations":[{"start":{"line":160,"column":19},"end":{"line":160,"column":45}},{"start":{"line":160,"column":49},"end":{"line":160,"column":52}}],"line":160},"47":{"loc":{"start":{"line":162,"column":4},"end":{"line":164,"column":49}},"type":"cond-expr","locations":[{"start":{"line":163,"column":8},"end":{"line":163,"column":30}},{"start":{"line":164,"column":8},"end":{"line":164,"column":49}}],"line":162},"48":{"loc":{"start":{"line":164,"column":19},"end":{"line":164,"column":48}},"type":"binary-expr","locations":[{"start":{"line":164,"column":19},"end":{"line":164,"column":41}},{"start":{"line":164,"column":45},"end":{"line":164,"column":48}}],"line":164},"49":{"loc":{"start":{"line":166,"column":4},"end":{"line":168,"column":54}},"type":"cond-expr","locations":[{"start":{"line":167,"column":8},"end":{"line":167,"column":35}},{"start":{"line":168,"column":8},"end":{"line":168,"column":54}}],"line":166},"50":{"loc":{"start":{"line":168,"column":19},"end":{"line":168,"column":53}},"type":"binary-expr","locations":[{"start":{"line":168,"column":19},"end":{"line":168,"column":46}},{"start":{"line":168,"column":50},"end":{"line":168,"column":53}}],"line":168},"51":{"loc":{"start":{"line":171,"column":21},"end":{"line":171,"column":77}},"type":"binary-expr","locations":[{"start":{"line":171,"column":21},"end":{"line":171,"column":34}},{"start":{"line":171,"column":38},"end":{"line":171,"column":51}},{"start":{"line":171,"column":55},"end":{"line":171,"column":77}}],"line":171}},"s":{"0":6,"1":6,"2":8,"3":2,"4":6,"5":6,"6":3,"7":3,"8":1,"9":2,"10":6,"11":20,"12":2,"13":18,"14":18,"15":1,"16":17,"17":17,"18":1,"19":16,"20":6,"21":14,"22":2,"23":12,"24":12,"25":1,"26":11,"27":11,"28":9,"29":3,"30":6,"31":6,"32":1,"33":5,"34":6,"35":4,"36":23,"37":2,"38":21,"39":2,"40":2,"41":2,"42":2,"43":0,"44":19,"45":21,"46":0,"47":21,"48":21,"49":21,"50":21,"51":3,"52":1,"53":2,"54":1,"55":1,"56":1,"57":1,"58":0,"59":1,"60":2,"61":0,"62":2,"63":2,"64":2,"65":2,"66":5,"67":4,"68":1,"69":1,"70":3,"71":2,"72":1,"73":1,"74":1,"75":1,"76":2,"77":1,"78":1,"79":1,"80":9,"81":9,"82":9,"83":9,"84":7,"85":7,"86":2,"87":5,"88":1,"89":4,"90":3,"91":3,"92":1,"93":2,"94":1,"95":1,"96":6,"97":6,"98":6,"99":6,"100":1,"101":5,"102":5,"103":5,"104":5,"105":5,"106":5},"f":{"0":8,"1":20,"2":14,"3":9,"4":4,"5":23,"6":3,"7":5,"8":3,"9":2,"10":9,"11":9,"12":7,"13":3,"14":6,"15":6},"b":{"0":[2,6],"1":[8,6],"2":[3,3],"3":[1,2],"4":[8],"5":[19],"6":[2,18],"7":[20,19],"8":[2,16],"9":[1,17],"10":[1,16],"11":[14],"12":[2,12],"13":[14,13],"14":[2,10],"15":[1,11],"16":[3,6],"17":[9,8,7],"18":[3,3],"19":[1,5],"20":[3,2],"21":[2,21],"22":[2,19],"23":[2,0],"24":[0,21],"25":[1,2],"26":[1,1],"27":[1,0],"28":[0,2],"29":[4,1],"30":[5,3],"31":[2,1],"32":[3,2],"33":[1,1],"34":[2,1],"35":[1],"36":[1],"37":[4],"38":[2,5],"39":[1,4],"40":[1,2],"41":[3,2],"42":[1,1],"43":[6,6,6],"44":[1,5],"45":[4,1],"46":[1,0],"47":[4,1],"48":[1,0],"49":[3,2],"50":[2,1],"51":[5,3,3]},"_coverageSchema":"1a1c01bbd47fc00a2c39e90264f33305004495a9","hash":"3a8f2cecdcd3afc48949b99c36bf1966ab49d097"}
,"/Users/pankajlal/Desktop/Projects/inventory-manager/mobile/src/utils/pdf.ts": {"path":"/Users/pankajlal/Desktop/Projects/inventory-manager/mobile/src/utils/pdf.ts","statementMap":{"0":{"start":{"line":5,"column":18},"end":{"line":5,"column":56}},"1":{"start":{"line":6,"column":2},"end":{"line":10,"column":5}},"2":{"start":{"line":14,"column":16},"end":{"line":14,"column":35}},"3":{"start":{"line":15,"column":15},"end":{"line":26,"column":13}},"4":{"start":{"line":18,"column":8},"end":{"line":24,"column":14}},"5":{"start":{"line":28,"column":16},"end":{"line":28,"column":59}},"6":{"start":{"line":30,"column":2},"end":{"line":51,"column":16}}},"fnMap":{"0":{"name":"sharePdf","decl":{"start":{"line":4,"column":22},"end":{"line":4,"column":30}},"loc":{"start":{"line":4,"column":68},"end":{"line":11,"column":1}},"line":4},"1":{"name":"invoicePdfHtml","decl":{"start":{"line":13,"column":16},"end":{"line":13,"column":30}},"loc":{"start":{"line":13,"column":53},"end":{"line":52,"column":1}},"line":13},"2":{"name":"(anonymous_2)","decl":{"start":{"line":17,"column":6},"end":{"line":17,"column":7}},"loc":{"start":{"line":18,"column":8},"end":{"line":24,"column":14}},"line":18}},"branchMap":{"0":{"loc":{"start":{"line":4,"column":45},"end":{"line":4,"column":66}},"type":"default-arg","locations":[{"start":{"line":4,"column":56},"end":{"line":4,"column":66}}],"line":4},"1":{"loc":{"start":{"line":14,"column":16},"end":{"line":14,"column":35}},"type":"binary-expr","locations":[{"start":{"line":14,"column":16},"end":{"line":14,"column":29}},{"start":{"line":14,"column":33},"end":{"line":14,"column":35}}],"line":14},"2":{"loc":{"start":{"line":20,"column":16},"end":{"line":20,"column":39}},"type":"binary-expr","locations":[{"start":{"line":20,"column":16},"end":{"line":20,"column":33}},{"start":{"line":20,"column":37},"end":{"line":20,"column":39}}],"line":20},"3":{"loc":{"start":{"line":22,"column":49},"end":{"line":22,"column":69}},"type":"binary-expr","locations":[{"start":{"line":22,"column":49},"end":{"line":22,"column":64}},{"start":{"line":22,"column":68},"end":{"line":22,"column":69}}],"line":22},"4":{"loc":{"start":{"line":23,"column":49},"end":{"line":23,"column":99}},"type":"binary-expr","locations":[{"start":{"line":23,"column":49},"end":{"line":23,"column":59}},{"start":{"line":23,"column":63},"end":{"line":23,"column":94}},{"start":{"line":23,"column":98},"end":{"line":23,"column":99}}],"line":23},"5":{"loc":{"start":{"line":28,"column":16},"end":{"line":28,"column":59}},"type":"binary-expr","locations":[{"start":{"line":28,"column":16},"end":{"line":28,"column":37}},{"start":{"line":28,"column":41},"end":{"line":28,"column":54}},{"start":{"line":28,"column":58},"end":{"line":28,"column":59}}],"line":28},"6":{"loc":{"start":{"line":41,"column":17},"end":{"line":41,"column":45}},"type":"binary-expr","locations":[{"start":{"line":41,"column":17},"end":{"line":41,"column":39}},{"start":{"line":41,"column":43},"end":{"line":41,"column":45}}],"line":41},"7":{"loc":{"start":{"line":42,"column":26},"end":{"line":42,"column":101}},"type":"cond-expr","locations":[{"start":{"line":42,"column":47},"end":{"line":42,"column":96}},{"start":{"line":42,"column":99},"end":{"line":42,"column":101}}],"line":42},"8":{"loc":{"start":{"line":43,"column":30},"end":{"line":43,"column":65}},"type":"binary-expr","locations":[{"start":{"line":43,"column":30},"end":{"line":43,"column":52}},{"start":{"line":43,"column":56},"end":{"line":43,"column":65}}],"line":43},"9":{"loc":{"start":{"line":44,"column":27},"end":{"line":44,"column":52}},"type":"binary-expr","locations":[{"start":{"line":44,"column":27},"end":{"line":44,"column":46}},{"start":{"line":44,"column":50},"end":{"line":44,"column":52}}],"line":44},"10":{"loc":{"start":{"line":45,"column":27},"end":{"line":45,"column":53}},"type":"binary-expr","locations":[{"start":{"line":45,"column":27},"end":{"line":45,"column":47}},{"start":{"line":45,"column":51},"end":{"line":45,"column":53}}],"line":45}},"s":{"0":0,"1":0,"2":0,"3":0,"4":0,"5":0,"6":0},"f":{"0":0,"1":0,"2":0},"b":{"0":[0],"1":[0,0],"2":[0,0],"3":[0,0],"4":[0,0,0],"5":[0,0,0],"6":[0,0],"7":[0,0],"8":[0,0],"9":[0,0],"10":[0,0]},"_coverageSchema":"1a1c01bbd47fc00a2c39e90264f33305004495a9","hash":"43a87b6876beb2ef0ea3d57b5ec3fbca10ae8842"}
,"/Users/pankajlal/Desktop/Projects/inventory-manager/mobile/src/utils/priceValidation.ts": {"path":"/Users/pankajlal/Desktop/Projects/inventory-manager/mobile/src/utils/priceValidation.ts","statementMap":{"0":{"start":{"line":6,"column":4},"end":{"line":8,"column":12}},"1":{"start":{"line":9,"column":24},"end":{"line":9,"column":69}},"2":{"start":{"line":10,"column":2},"end":{"line":12,"column":3}},"3":{"start":{"line":11,"column":4},"end":{"line":11,"column":66}},"4":{"start":{"line":13,"column":2},"end":{"line":13,"column":66}},"5":{"start":{"line":21,"column":2},"end":{"line":21,"column":45}},"6":{"start":{"line":21,"column":33},"end":{"line":21,"column":45}},"7":{"start":{"line":22,"column":2},"end":{"line":22,"column":60}},"8":{"start":{"line":22,"column":48},"end":{"line":22,"column":60}},"9":{"start":{"line":23,"column":34},"end":{"line":23,"column":51}},"10":{"start":{"line":24,"column":2},"end":{"line":24,"column":54}},"11":{"start":{"line":24,"column":42},"end":{"line":24,"column":54}},"12":{"start":{"line":25,"column":2},"end":{"line":25,"column":79}},"13":{"start":{"line":29,"column":2},"end":{"line":33,"column":3}},"14":{"start":{"line":30,"column":4},"end":{"line":30,"column":38}},"15":{"start":{"line":30,"column":29},"end":{"line":30,"column":38}},"16":{"start":{"line":31,"column":14},"end":{"line":31,"column":38}},"17":{"start":{"line":32,"column":4},"end":{"line":32,"column":35}},"18":{"start":{"line":34,"column":14},"end":{"line":34,"column":36}},"19":{"start":{"line":35,"column":2},"end":{"line":35,"column":64}},"20":{"start":{"line":35,"column":55},"end":{"line":35,"column":64}},"21":{"start":{"line":36,"column":12},"end":{"line":36,"column":67}},"22":{"start":{"line":37,"column":2},"end":{"line":37,"column":33}},"23":{"start":{"line":45,"column":2},"end":{"line":45,"column":63}},"24":{"start":{"line":45,"column":51},"end":{"line":45,"column":63}},"25":{"start":{"line":46,"column":2},"end":{"line":46,"column":89}},"26":{"start":{"line":46,"column":31},"end":{"line":46,"column":87}}},"fnMap":{"0":{"name":"getMinPrice","decl":{"start":{"line":4,"column":16},"end":{"line":4,"column":27}},"loc":{"start":{"line":4,"column":117},"end":{"line":14,"column":1}},"line":4},"1":{"name":"getPriceValidationError","decl":{"start":{"line":16,"column":16},"end":{"line":16,"column":39}},"loc":{"start":{"line":20,"column":17},"end":{"line":26,"column":1}},"line":20},"2":{"name":"getEffectivePrice","decl":{"start":{"line":28,"column":16},"end":{"line":28,"column":33}},"loc":{"start":{"line":28,"column":85},"end":{"line":38,"column":1}},"line":28},"3":{"name":"allItemsHavePrices","decl":{"start":{"line":40,"column":16},"end":{"line":40,"column":34}},"loc":{"start":{"line":44,"column":11},"end":{"line":47,"column":1}},"line":44},"4":{"name":"(anonymous_4)","decl":{"start":{"line":46,"column":21},"end":{"line":46,"column":22}},"loc":{"start":{"line":46,"column":31},"end":{"line":46,"column":87}},"line":46}},"branchMap":{"0":{"loc":{"start":{"line":6,"column":4},"end":{"line":8,"column":12}},"type":"cond-expr","locations":[{"start":{"line":7,"column":8},"end":{"line":7,"column":42}},{"start":{"line":8,"column":8},"end":{"line":8,"column":12}}],"line":6},"1":{"loc":{"start":{"line":6,"column":4},"end":{"line":6,"column":80}},"type":"binary-expr","locations":[{"start":{"line":6,"column":4},"end":{"line":6,"column":38}},{"start":{"line":6,"column":42},"end":{"line":6,"column":80}}],"line":6},"2":{"loc":{"start":{"line":9,"column":24},"end":{"line":9,"column":69}},"type":"binary-expr","locations":[{"start":{"line":9,"column":24},"end":{"line":9,"column":64}},{"start":{"line":9,"column":68},"end":{"line":9,"column":69}}],"line":9},"3":{"loc":{"start":{"line":9,"column":31},"end":{"line":9,"column":63}},"type":"binary-expr","locations":[{"start":{"line":9,"column":31},"end":{"line":9,"column":58}},{"start":{"line":9,"column":62},"end":{"line":9,"column":63}}],"line":9},"4":{"loc":{"start":{"line":10,"column":2},"end":{"line":12,"column":3}},"type":"if","locations":[{"start":{"line":10,"column":2},"end":{"line":12,"column":3}},{"start":{},"end":{}}],"line":10},"5":{"loc":{"start":{"line":10,"column":6},"end":{"line":10,"column":47}},"type":"binary-expr","locations":[{"start":{"line":10,"column":6},"end":{"line":10,"column":27}},{"start":{"line":10,"column":31},"end":{"line":10,"column":47}}],"line":10},"6":{"loc":{"start":{"line":21,"column":2},"end":{"line":21,"column":45}},"type":"if","locations":[{"start":{"line":21,"column":2},"end":{"line":21,"column":45}},{"start":{},"end":{}}],"line":21},"7":{"loc":{"start":{"line":22,"column":2},"end":{"line":22,"column":60}},"type":"if","locations":[{"start":{"line":22,"column":2},"end":{"line":22,"column":60}},{"start":{},"end":{}}],"line":22},"8":{"loc":{"start":{"line":24,"column":2},"end":{"line":24,"column":54}},"type":"if","locations":[{"start":{"line":24,"column":2},"end":{"line":24,"column":54}},{"start":{},"end":{}}],"line":24},"9":{"loc":{"start":{"line":24,"column":6},"end":{"line":24,"column":40}},"type":"binary-expr","locations":[{"start":{"line":24,"column":6},"end":{"line":24,"column":19}},{"start":{"line":24,"column":23},"end":{"line":24,"column":40}}],"line":24},"10":{"loc":{"start":{"line":29,"column":2},"end":{"line":33,"column":3}},"type":"if","locations":[{"start":{"line":29,"column":2},"end":{"line":33,"column":3}},{"start":{},"end":{}}],"line":29},"11":{"loc":{"start":{"line":30,"column":4},"end":{"line":30,"column":38}},"type":"if","locations":[{"start":{"line":30,"column":4},"end":{"line":30,"column":38}},{"start":{},"end":{}}],"line":30},"12":{"loc":{"start":{"line":32,"column":11},"end":{"line":32,"column":34}},"type":"cond-expr","locations":[{"start":{"line":32,"column":29},"end":{"line":32,"column":30}},{"start":{"line":32,"column":33},"end":{"line":32,"column":34}}],"line":32},"13":{"loc":{"start":{"line":35,"column":2},"end":{"line":35,"column":64}},"type":"if","locations":[{"start":{"line":35,"column":2},"end":{"line":35,"column":64}},{"start":{},"end":{}}],"line":35},"14":{"loc":{"start":{"line":35,"column":6},"end":{"line":35,"column":53}},"type":"binary-expr","locations":[{"start":{"line":35,"column":6},"end":{"line":35,"column":23}},{"start":{"line":35,"column":27},"end":{"line":35,"column":39}},{"start":{"line":35,"column":43},"end":{"line":35,"column":53}}],"line":35},"15":{"loc":{"start":{"line":36,"column":12},"end":{"line":36,"column":67}},"type":"cond-expr","locations":[{"start":{"line":36,"column":38},"end":{"line":36,"column":53}},{"start":{"line":36,"column":56},"end":{"line":36,"column":67}}],"line":36},"16":{"loc":{"start":{"line":37,"column":9},"end":{"line":37,"column":32}},"type":"cond-expr","locations":[{"start":{"line":37,"column":27},"end":{"line":37,"column":28}},{"start":{"line":37,"column":31},"end":{"line":37,"column":32}}],"line":37},"17":{"loc":{"start":{"line":45,"column":2},"end":{"line":45,"column":63}},"type":"if","locations":[{"start":{"line":45,"column":2},"end":{"line":45,"column":63}},{"start":{},"end":{}}],"line":45},"18":{"loc":{"start":{"line":45,"column":6},"end":{"line":45,"column":49}},"type":"binary-expr","locations":[{"start":{"line":45,"column":6},"end":{"line":45,"column":31}},{"start":{"line":45,"column":35},"end":{"line":45,"column":49}}],"line":45}},"s":{"0":9,"1":9,"2":9,"3":5,"4":4,"5":6,"6":1,"7":5,"8":1,"9":4,"10":4,"11":3,"12":1,"13":13,"14":5,"15":2,"16":3,"17":3,"18":8,"19":8,"20":3,"21":5,"22":5,"23":6,"24":2,"25":4,"26":6},"f":{"0":9,"1":6,"2":13,"3":6,"4":6},"b":{"0":[5,4],"1":[9,6],"2":[9,2],"3":[9,1],"4":[5,4],"5":[9,5],"6":[1,5],"7":[1,4],"8":[3,1],"9":[4,3],"10":[5,8],"11":[2,3],"12":[1,2],"13":[3,5],"14":[8,8,6],"15":[1,4],"16":[0,5],"17":[2,4],"18":[6,5]},"_coverageSchema":"1a1c01bbd47fc00a2c39e90264f33305004495a9","hash":"9feba86a2ea93f870b4efebef05f124bd5073dea"}
}
