TN:
SF:src/api/client.ts
FN:9,initApiBaseUrl
FN:17,setApiBaseUrl
FN:23,getApiBaseUrl
FN:35,(anonymous_3)
FN:42,(anonymous_4)
FN:47,(anonymous_5)
FN:48,(anonymous_6)
FN:76,(anonymous_7)
FN:77,(anonymous_8)
FN:79,(anonymous_9)
FN:80,(anonymous_10)
FN:85,(anonymous_11)
FN:86,(anonymous_12)
FN:87,(anonymous_13)
FN:88,(anonymous_14)
FN:89,(anonymous_15)
FN:90,(anonymous_16)
FN:91,(anonymous_17)
FN:93,(anonymous_18)
FN:94,(anonymous_19)
FN:95,(anonymous_20)
FN:101,(anonymous_21)
FN:103,(anonymous_22)
FN:108,(anonymous_23)
FN:114,(anonymous_24)
FN:120,(anonymous_25)
FN:129,(anonymous_26)
FN:130,(anonymous_27)
FN:131,(anonymous_28)
FN:132,(anonymous_29)
FN:135,(anonymous_30)
FN:136,(anonymous_31)
FN:139,(anonymous_32)
FN:140,(anonymous_33)
FN:147,(anonymous_34)
FN:148,(anonymous_35)
FN:149,(anonymous_36)
FN:150,(anonymous_37)
FN:151,(anonymous_38)
FN:153,(anonymous_39)
FN:154,(anonymous_40)
FN:155,(anonymous_41)
FN:157,(anonymous_42)
FN:159,(anonymous_43)
FN:161,(anonymous_44)
FN:163,(anonymous_45)
FN:165,(anonymous_46)
FN:169,(anonymous_47)
FN:170,(anonymous_48)
FN:171,(anonymous_49)
FN:172,(anonymous_50)
FN:173,(anonymous_51)
FN:182,(anonymous_52)
FN:183,(anonymous_53)
FN:185,(anonymous_54)
FN:187,(anonymous_55)
FN:189,(anonymous_56)
FN:191,(anonymous_57)
FN:193,(anonymous_58)
FN:195,(anonymous_59)
FN:197,(anonymous_60)
FN:198,(anonymous_61)
FN:202,(anonymous_62)
FN:203,(anonymous_63)
FN:204,(anonymous_64)
FN:209,(anonymous_65)
FN:211,(anonymous_66)
FN:212,(anonymous_67)
FN:213,(anonymous_68)
FN:214,(anonymous_69)
FN:216,(anonymous_70)
FN:218,(anonymous_71)
FN:220,(anonymous_72)
FN:222,(anonymous_73)
FN:227,(anonymous_74)
FN:228,(anonymous_75)
FN:233,(anonymous_76)
FN:237,(anonymous_77)
FN:241,(anonymous_78)
FN:243,(anonymous_79)
FN:252,(anonymous_80)
FN:256,(anonymous_81)
FN:257,(anonymous_82)
FN:260,(anonymous_83)
FN:261,(anonymous_84)
FN:262,(anonymous_85)
FN:263,(anonymous_86)
FN:264,(anonymous_87)
FN:265,(anonymous_88)
FN:266,(anonymous_89)
FN:272,(anonymous_90)
FN:273,(anonymous_91)
FN:274,(anonymous_92)
FN:275,(anonymous_93)
FN:276,(anonymous_94)
FN:278,(anonymous_95)
FN:279,(anonymous_96)
FN:283,(anonymous_97)
FN:284,(anonymous_98)
FN:285,(anonymous_99)
FN:286,(anonymous_100)
FN:288,(anonymous_101)
FN:290,(anonymous_102)
FN:291,(anonymous_103)
FN:292,(anonymous_104)
FN:294,(anonymous_105)
FN:312,(anonymous_106)
FN:313,(anonymous_107)
FN:314,(anonymous_108)
FN:315,(anonymous_109)
FN:317,(anonymous_110)
FN:321,(anonymous_111)
FN:322,(anonymous_112)
FN:323,(anonymous_113)
FN:324,(anonymous_114)
FN:326,(anonymous_115)
FN:328,(anonymous_116)
FN:329,(anonymous_117)
FN:333,(anonymous_118)
FN:334,(anonymous_119)
FN:335,(anonymous_120)
FN:336,(anonymous_121)
FN:338,(anonymous_122)
FN:342,(anonymous_123)
FN:343,(anonymous_124)
FN:344,(anonymous_125)
FN:345,(anonymous_126)
FN:347,(anonymous_127)
FN:349,(anonymous_128)
FN:351,(anonymous_129)
FN:355,(anonymous_130)
FN:356,(anonymous_131)
FN:357,(anonymous_132)
FN:359,(anonymous_133)
FN:360,(anonymous_134)
FN:362,(anonymous_135)
FN:369,(anonymous_136)
FN:370,(anonymous_137)
FN:373,(anonymous_138)
FN:374,(anonymous_139)
FN:377,(anonymous_140)
FN:378,(anonymous_141)
FN:379,(anonymous_142)
FN:382,(anonymous_143)
FN:383,(anonymous_144)
FN:384,(anonymous_145)
FN:385,(anonymous_146)
FN:386,(anonymous_147)
FN:389,(anonymous_148)
FN:392,(anonymous_149)
FN:394,(anonymous_150)
FN:397,(anonymous_151)
FN:399,(anonymous_152)
FN:401,(anonymous_153)
FN:402,(anonymous_154)
FN:411,(anonymous_155)
FN:412,(anonymous_156)
FN:413,(anonymous_157)
FN:414,(anonymous_158)
FN:415,(anonymous_159)
FN:416,(anonymous_160)
FN:418,(anonymous_161)
FN:421,(anonymous_162)
FN:423,(anonymous_163)
FN:425,(anonymous_164)
FN:427,(anonymous_165)
FN:429,(anonymous_166)
FN:434,(anonymous_167)
FN:438,(anonymous_168)
FN:442,(anonymous_169)
FN:446,(anonymous_170)
FN:450,(anonymous_171)
FN:458,(anonymous_172)
FN:459,(anonymous_173)
FN:460,(anonymous_174)
FN:461,(anonymous_175)
FN:462,(anonymous_176)
FN:469,(anonymous_177)
FN:470,(anonymous_178)
FN:471,(anonymous_179)
FN:472,(anonymous_180)
FN:473,(anonymous_181)
FN:476,(anonymous_182)
FN:477,(anonymous_183)
FN:478,(anonymous_184)
FN:479,(anonymous_185)
FN:480,(anonymous_186)
FN:486,(anonymous_187)
FN:487,(anonymous_188)
FN:492,(anonymous_189)
FN:494,(anonymous_190)
FN:496,(anonymous_191)
FN:498,(anonymous_192)
FN:499,(anonymous_193)
FN:500,(anonymous_194)
FN:502,(anonymous_195)
FN:508,(anonymous_196)
FNF:197
FNH:3
FNDA:2,initApiBaseUrl
FNDA:2,setApiBaseUrl
FNDA:6,getApiBaseUrl
FNDA:0,(anonymous_3)
FNDA:0,(anonymous_4)
FNDA:0,(anonymous_5)
FNDA:0,(anonymous_6)
FNDA:0,(anonymous_7)
FNDA:0,(anonymous_8)
FNDA:0,(anonymous_9)
FNDA:0,(anonymous_10)
FNDA:0,(anonymous_11)
FNDA:0,(anonymous_12)
FNDA:0,(anonymous_13)
FNDA:0,(anonymous_14)
FNDA:0,(anonymous_15)
FNDA:0,(anonymous_16)
FNDA:0,(anonymous_17)
FNDA:0,(anonymous_18)
FNDA:0,(anonymous_19)
FNDA:0,(anonymous_20)
FNDA:0,(anonymous_21)
FNDA:0,(anonymous_22)
FNDA:0,(anonymous_23)
FNDA:0,(anonymous_24)
FNDA:0,(anonymous_25)
FNDA:0,(anonymous_26)
FNDA:0,(anonymous_27)
FNDA:0,(anonymous_28)
FNDA:0,(anonymous_29)
FNDA:0,(anonymous_30)
FNDA:0,(anonymous_31)
FNDA:0,(anonymous_32)
FNDA:0,(anonymous_33)
FNDA:0,(anonymous_34)
FNDA:0,(anonymous_35)
FNDA:0,(anonymous_36)
FNDA:0,(anonymous_37)
FNDA:0,(anonymous_38)
FNDA:0,(anonymous_39)
FNDA:0,(anonymous_40)
FNDA:0,(anonymous_41)
FNDA:0,(anonymous_42)
FNDA:0,(anonymous_43)
FNDA:0,(anonymous_44)
FNDA:0,(anonymous_45)
FNDA:0,(anonymous_46)
FNDA:0,(anonymous_47)
FNDA:0,(anonymous_48)
FNDA:0,(anonymous_49)
FNDA:0,(anonymous_50)
FNDA:0,(anonymous_51)
FNDA:0,(anonymous_52)
FNDA:0,(anonymous_53)
FNDA:0,(anonymous_54)
FNDA:0,(anonymous_55)
FNDA:0,(anonymous_56)
FNDA:0,(anonymous_57)
FNDA:0,(anonymous_58)
FNDA:0,(anonymous_59)
FNDA:0,(anonymous_60)
FNDA:0,(anonymous_61)
FNDA:0,(anonymous_62)
FNDA:0,(anonymous_63)
FNDA:0,(anonymous_64)
FNDA:0,(anonymous_65)
FNDA:0,(anonymous_66)
FNDA:0,(anonymous_67)
FNDA:0,(anonymous_68)
FNDA:0,(anonymous_69)
FNDA:0,(anonymous_70)
FNDA:0,(anonymous_71)
FNDA:0,(anonymous_72)
FNDA:0,(anonymous_73)
FNDA:0,(anonymous_74)
FNDA:0,(anonymous_75)
FNDA:0,(anonymous_76)
FNDA:0,(anonymous_77)
FNDA:0,(anonymous_78)
FNDA:0,(anonymous_79)
FNDA:0,(anonymous_80)
FNDA:0,(anonymous_81)
FNDA:0,(anonymous_82)
FNDA:0,(anonymous_83)
FNDA:0,(anonymous_84)
FNDA:0,(anonymous_85)
FNDA:0,(anonymous_86)
FNDA:0,(anonymous_87)
FNDA:0,(anonymous_88)
FNDA:0,(anonymous_89)
FNDA:0,(anonymous_90)
FNDA:0,(anonymous_91)
FNDA:0,(anonymous_92)
FNDA:0,(anonymous_93)
FNDA:0,(anonymous_94)
FNDA:0,(anonymous_95)
FNDA:0,(anonymous_96)
FNDA:0,(anonymous_97)
FNDA:0,(anonymous_98)
FNDA:0,(anonymous_99)
FNDA:0,(anonymous_100)
FNDA:0,(anonymous_101)
FNDA:0,(anonymous_102)
FNDA:0,(anonymous_103)
FNDA:0,(anonymous_104)
FNDA:0,(anonymous_105)
FNDA:0,(anonymous_106)
FNDA:0,(anonymous_107)
FNDA:0,(anonymous_108)
FNDA:0,(anonymous_109)
FNDA:0,(anonymous_110)
FNDA:0,(anonymous_111)
FNDA:0,(anonymous_112)
FNDA:0,(anonymous_113)
FNDA:0,(anonymous_114)
FNDA:0,(anonymous_115)
FNDA:0,(anonymous_116)
FNDA:0,(anonymous_117)
FNDA:0,(anonymous_118)
FNDA:0,(anonymous_119)
FNDA:0,(anonymous_120)
FNDA:0,(anonymous_121)
FNDA:0,(anonymous_122)
FNDA:0,(anonymous_123)
FNDA:0,(anonymous_124)
FNDA:0,(anonymous_125)
FNDA:0,(anonymous_126)
FNDA:0,(anonymous_127)
FNDA:0,(anonymous_128)
FNDA:0,(anonymous_129)
FNDA:0,(anonymous_130)
FNDA:0,(anonymous_131)
FNDA:0,(anonymous_132)
FNDA:0,(anonymous_133)
FNDA:0,(anonymous_134)
FNDA:0,(anonymous_135)
FNDA:0,(anonymous_136)
FNDA:0,(anonymous_137)
FNDA:0,(anonymous_138)
FNDA:0,(anonymous_139)
FNDA:0,(anonymous_140)
FNDA:0,(anonymous_141)
FNDA:0,(anonymous_142)
FNDA:0,(anonymous_143)
FNDA:0,(anonymous_144)
FNDA:0,(anonymous_145)
FNDA:0,(anonymous_146)
FNDA:0,(anonymous_147)
FNDA:0,(anonymous_148)
FNDA:0,(anonymous_149)
FNDA:0,(anonymous_150)
FNDA:0,(anonymous_151)
FNDA:0,(anonymous_152)
FNDA:0,(anonymous_153)
FNDA:0,(anonymous_154)
FNDA:0,(anonymous_155)
FNDA:0,(anonymous_156)
FNDA:0,(anonymous_157)
FNDA:0,(anonymous_158)
FNDA:0,(anonymous_159)
FNDA:0,(anonymous_160)
FNDA:0,(anonymous_161)
FNDA:0,(anonymous_162)
FNDA:0,(anonymous_163)
FNDA:0,(anonymous_164)
FNDA:0,(anonymous_165)
FNDA:0,(anonymous_166)
FNDA:0,(anonymous_167)
FNDA:0,(anonymous_168)
FNDA:0,(anonymous_169)
FNDA:0,(anonymous_170)
FNDA:0,(anonymous_171)
FNDA:0,(anonymous_172)
FNDA:0,(anonymous_173)
FNDA:0,(anonymous_174)
FNDA:0,(anonymous_175)
FNDA:0,(anonymous_176)
FNDA:0,(anonymous_177)
FNDA:0,(anonymous_178)
FNDA:0,(anonymous_179)
FNDA:0,(anonymous_180)
FNDA:0,(anonymous_181)
FNDA:0,(anonymous_182)
FNDA:0,(anonymous_183)
FNDA:0,(anonymous_184)
FNDA:0,(anonymous_185)
FNDA:0,(anonymous_186)
FNDA:0,(anonymous_187)
FNDA:0,(anonymous_188)
FNDA:0,(anonymous_189)
FNDA:0,(anonymous_190)
FNDA:0,(anonymous_191)
FNDA:0,(anonymous_192)
FNDA:0,(anonymous_193)
FNDA:0,(anonymous_194)
FNDA:0,(anonymous_195)
FNDA:0,(anonymous_196)
DA:5,1
DA:7,1
DA:10,2
DA:11,2
DA:12,1
DA:13,1
DA:18,2
DA:19,2
DA:20,2
DA:24,6
DA:27,1
DA:34,1
DA:36,0
DA:37,0
DA:38,0
DA:40,0
DA:42,0
DA:46,1
DA:47,0
DA:49,0
DA:50,0
DA:51,0
DA:52,0
DA:53,0
DA:54,0
DA:55,0
DA:58,0
DA:59,0
DA:60,0
DA:61,0
DA:64,0
DA:65,0
DA:68,0
DA:75,1
DA:76,0
DA:78,0
DA:79,0
DA:80,0
DA:84,1
DA:85,0
DA:86,0
DA:87,0
DA:88,0
DA:89,0
DA:90,0
DA:92,0
DA:93,0
DA:94,0
DA:96,0
DA:97,0
DA:98,0
DA:99,0
DA:102,0
DA:104,0
DA:105,0
DA:106,0
DA:109,0
DA:110,0
DA:111,0
DA:112,0
DA:115,0
DA:116,0
DA:117,0
DA:118,0
DA:121,0
DA:122,0
DA:127,1
DA:129,0
DA:130,0
DA:131,0
DA:132,0
DA:135,0
DA:136,0
DA:139,0
DA:140,0
DA:145,1
DA:147,0
DA:148,0
DA:149,0
DA:150,0
DA:152,0
DA:153,0
DA:154,0
DA:156,0
DA:158,0
DA:160,0
DA:162,0
DA:164,0
DA:166,0
DA:169,0
DA:170,0
DA:171,0
DA:172,0
DA:174,0
DA:175,0
DA:176,0
DA:177,0
DA:178,0
DA:179,0
DA:180,0
DA:182,0
DA:184,0
DA:186,0
DA:188,0
DA:190,0
DA:192,0
DA:194,0
DA:196,0
DA:197,0
DA:199,0
DA:202,0
DA:203,0
DA:208,0
DA:210,0
DA:211,0
DA:212,0
DA:213,0
DA:215,0
DA:217,0
DA:219,0
DA:221,0
DA:223,0
DA:227,0
DA:229,0
DA:234,0
DA:238,0
DA:242,0
DA:251,0
DA:253,0
DA:256,0
DA:257,0
DA:260,0
DA:261,0
DA:262,0
DA:263,0
DA:264,0
DA:265,0
DA:266,0
DA:271,1
DA:272,0
DA:273,0
DA:274,0
DA:275,0
DA:276,0
DA:278,0
DA:279,0
DA:283,0
DA:284,0
DA:285,0
DA:287,0
DA:288,0
DA:290,0
DA:291,0
DA:293,0
DA:303,0
DA:304,0
DA:305,0
DA:312,0
DA:313,0
DA:314,0
DA:316,0
DA:317,0
DA:321,0
DA:322,0
DA:323,0
DA:325,0
DA:326,0
DA:328,0
DA:330,0
DA:333,0
DA:334,0
DA:335,0
DA:337,0
DA:338,0
DA:342,0
DA:343,0
DA:344,0
DA:346,0
DA:347,0
DA:350,0
DA:352,0
DA:355,0
DA:356,0
DA:358,0
DA:359,0
DA:361,0
DA:362,0
DA:367,1
DA:369,0
DA:370,0
DA:373,0
DA:374,0
DA:377,0
DA:378,0
DA:379,0
DA:382,0
DA:383,0
DA:384,0
DA:385,0
DA:386,0
DA:389,0
DA:393,0
DA:394,0
DA:397,0
DA:400,0
DA:401,0
DA:403,0
DA:409,1
DA:411,0
DA:412,0
DA:413,0
DA:414,0
DA:415,0
DA:417,0
DA:419,0
DA:422,0
DA:424,0
DA:426,0
DA:428,0
DA:430,0
DA:435,0
DA:439,0
DA:443,0
DA:447,0
DA:451,0
DA:458,0
DA:459,0
DA:460,0
DA:461,0
DA:462,0
DA:467,1
DA:469,0
DA:470,0
DA:471,0
DA:472,0
DA:473,0
DA:476,0
DA:477,0
DA:478,0
DA:479,0
DA:480,0
DA:485,1
DA:486,0
DA:487,0
DA:491,1
DA:493,0
DA:495,0
DA:497,0
DA:498,0
DA:499,0
DA:501,0
DA:503,0
DA:507,1
DA:512,0
LF:254
LH:24
BRDA:11,0,0,1
BRDA:11,0,1,1
BRDA:37,1,0,0
BRDA:37,1,1,0
BRDA:50,2,0,0
BRDA:50,2,1,0
BRDA:50,3,0,0
BRDA:50,3,1,0
BRDA:54,4,0,0
BRDA:54,4,1,0
BRDA:95,5,0,0
BRDA:95,6,0,0
BRDA:97,7,0,0
BRDA:97,7,1,0
BRDA:98,8,0,0
BRDA:98,8,1,0
BRDA:104,9,0,0
BRDA:104,9,1,0
BRDA:105,10,0,0
BRDA:105,10,1,0
BRDA:110,11,0,0
BRDA:110,11,1,0
BRDA:111,12,0,0
BRDA:111,12,1,0
BRDA:116,13,0,0
BRDA:116,13,1,0
BRDA:117,14,0,0
BRDA:117,14,1,0
BRDA:121,15,0,0
BRDA:121,15,1,0
BRDA:176,16,0,0
BRDA:176,16,1,0
BRDA:177,17,0,0
BRDA:177,17,1,0
BRDA:178,18,0,0
BRDA:178,18,1,0
BRDA:180,19,0,0
BRDA:180,19,1,0
BRDA:239,20,0,0
BRDA:239,20,1,0
BRDA:304,21,0,0
BRDA:304,21,1,0
BRDA:417,22,0,0
BRDA:417,22,1,0
BRDA:510,23,0,0
BRF:45
BRH:2
end_of_record
TN:
SF:src/components/BarcodeScanner.tsx
FN:12,BarcodeScanner
FN:34,(anonymous_1)
FN:38,(anonymous_2)
FNF:3
FNH:0
FNDA:0,BarcodeScanner
FNDA:0,(anonymous_1)
FNDA:0,(anonymous_2)
DA:13,0
DA:14,0
DA:16,0
DA:18,0
DA:19,0
DA:34,0
DA:35,0
DA:36,0
DA:37,0
DA:38,0
DA:41,0
DA:85,3
LF:12
LH:1
BRDA:16,0,0,0
BRDA:16,0,1,0
BRDA:18,1,0,0
BRDA:18,1,1,0
BRDA:35,2,0,0
BRDA:35,2,1,0
BRDA:60,3,0,0
BRDA:60,3,1,0
BRDA:77,4,0,0
BRDA:77,4,1,0
BRF:10
BRH:0
end_of_record
TN:
SF:src/constants/theme.ts
FNF:0
FNH:0
DA:3,7
DA:22,7
LF:2
LH:2
BRF:0
BRH:0
end_of_record
TN:
SF:src/contexts/AuthContext.tsx
FN:18,AuthProvider
FN:22,(anonymous_1)
FN:38,(anonymous_2)
FN:39,(anonymous_3)
FN:42,(anonymous_4)
FN:50,(anonymous_5)
FN:58,(anonymous_6)
FN:81,useAuth
FNF:8
FNH:0
FNDA:0,AuthProvider
FNDA:0,(anonymous_1)
FNDA:0,(anonymous_2)
FNDA:0,(anonymous_3)
FNDA:0,(anonymous_4)
FNDA:0,(anonymous_5)
FNDA:0,(anonymous_6)
FNDA:0,useAuth
DA:16,0
DA:19,0
DA:20,0
DA:22,0
DA:23,0
DA:24,0
DA:25,0
DA:26,0
DA:27,0
DA:29,0
DA:30,0
DA:32,0
DA:33,0
DA:34,0
DA:38,0
DA:39,0
DA:42,0
DA:43,0
DA:44,0
DA:45,0
DA:46,0
DA:47,0
DA:50,0
DA:51,0
DA:52,0
DA:53,0
DA:54,0
DA:55,0
DA:58,0
DA:59,0
DA:60,0
DA:61,0
DA:64,0
DA:82,0
DA:83,0
DA:84,0
LF:36
LH:0
BRDA:25,0,0,0
BRDA:25,0,1,0
BRDA:83,1,0,0
BRDA:83,1,1,0
BRF:4
BRH:0
end_of_record
TN:
SF:src/contexts/ToastContext.tsx
FN:23,ToastProvider
FN:26,(anonymous_1)
FN:28,(anonymous_2)
FN:29,(anonymous_3)
FN:30,(anonymous_4)
FN:30,(anonymous_5)
FN:34,(anonymous_6)
FN:36,(anonymous_7)
FN:41,(anonymous_8)
FN:42,(anonymous_9)
FN:43,(anonymous_10)
FN:50,(anonymous_11)
FN:54,(anonymous_12)
FN:54,(anonymous_13)
FN:54,(anonymous_14)
FN:64,useToast
FN:70,toast
FNF:17
FNH:1
FNDA:0,ToastProvider
FNDA:0,(anonymous_1)
FNDA:0,(anonymous_2)
FNDA:0,(anonymous_3)
FNDA:0,(anonymous_4)
FNDA:0,(anonymous_5)
FNDA:0,(anonymous_6)
FNDA:0,(anonymous_7)
FNDA:0,(anonymous_8)
FNDA:0,(anonymous_9)
FNDA:0,(anonymous_10)
FNDA:0,(anonymous_11)
FNDA:0,(anonymous_12)
FNDA:0,(anonymous_13)
FNDA:0,(anonymous_14)
FNDA:0,useToast
FNDA:4,toast
DA:19,1
DA:21,1
DA:24,0
DA:26,0
DA:27,0
DA:28,0
DA:29,0
DA:30,0
DA:34,0
DA:35,0
DA:36,0
DA:39,0
DA:41,0
DA:42,0
DA:43,0
DA:46,0
DA:51,0
DA:54,0
DA:65,0
DA:66,0
DA:67,0
DA:71,4
DA:74,1
LF:23
LH:4
BRDA:26,0,0,0
BRDA:66,1,0,0
BRDA:66,1,1,0
BRDA:70,2,0,1
BRF:4
BRH:1
end_of_record
TN:
SF:src/types/index.ts
FNF:0
FNH:0
LF:0
LH:0
BRF:0
BRH:0
end_of_record
TN:
SF:src/utils/barcodeHelpers.ts
FN:4,parseBarcodesFromInput
FN:8,(anonymous_1)
FN:15,looksLikeBarcode
FNF:3
FNH:3
FNDA:9,parseBarcodesFromInput
FNDA:14,(anonymous_1)
FNDA:17,looksLikeBarcode
DA:5,9
DA:6,6
DA:8,14
DA:16,17
DA:17,12
DA:18,12
LF:6
LH:6
BRDA:5,0,0,3
BRDA:5,0,1,6
BRDA:5,1,0,9
BRDA:5,1,1,6
BRDA:16,2,0,5
BRDA:16,2,1,12
BRDA:16,3,0,17
BRDA:16,3,1,14
BRDA:18,4,0,12
BRDA:18,4,1,8
BRDA:18,4,2,3
BRDA:18,4,3,2
BRF:12
BRH:12
end_of_record
TN:
SF:src/utils/cartStorage.ts
FN:6,getStorageKey
FN:10,loadUserCarts
FN:22,saveUserCarts
FN:33,addCartTab
FN:39,(anonymous_4)
FN:54,updateCartTab
FN:61,(anonymous_6)
FN:72,removeCartTab
FN:78,(anonymous_8)
FN:89,setActiveTab
FN:96,getActiveTabId
FN:101,getUserTabs
FN:106,clearUserCarts
FNF:13
FNH:12
FNDA:25,getStorageKey
FNDA:15,loadUserCarts
FNDA:9,saveUserCarts
FNDA:3,addCartTab
FNDA:2,(anonymous_4)
FNDA:3,updateCartTab
FNDA:2,(anonymous_6)
FNDA:3,removeCartTab
FNDA:3,(anonymous_8)
FNDA:1,setActiveTab
FNDA:2,getActiveTabId
FNDA:0,getUserTabs
FNDA:1,clearUserCarts
DA:4,1
DA:7,25
DA:11,15
DA:12,15
DA:13,15
DA:14,10
DA:15,9
DA:16,9
DA:18,1
DA:23,9
DA:24,9
DA:34,3
DA:39,3
DA:40,3
DA:41,1
DA:42,1
DA:48,2
DA:50,3
DA:51,3
DA:59,3
DA:60,3
DA:61,2
DA:62,2
DA:63,1
DA:68,1
DA:76,3
DA:77,3
DA:78,3
DA:79,2
DA:80,2
DA:85,2
DA:86,2
DA:90,1
DA:91,1
DA:92,1
DA:93,1
DA:97,2
DA:98,2
DA:102,0
DA:103,0
DA:107,1
LF:41
LH:39
BRDA:13,0,0,5
BRDA:13,0,1,10
BRDA:34,1,0,3
BRDA:34,1,1,1
BRDA:40,2,0,1
BRDA:40,2,1,2
BRDA:44,3,0,1
BRDA:44,3,1,1
BRDA:60,4,0,1
BRDA:60,4,1,2
BRDA:62,5,0,1
BRDA:62,5,1,1
BRDA:77,6,0,1
BRDA:77,6,1,2
BRDA:79,7,0,2
BRDA:79,7,1,0
BRDA:81,8,0,1
BRDA:81,8,1,1
BRDA:91,9,0,0
BRDA:91,9,1,1
BRDA:98,10,0,2
BRDA:98,10,1,1
BRDA:103,11,0,0
BRDA:103,11,1,0
BRF:24
BRH:20
end_of_record
TN:
SF:src/utils/formatting.ts
FN:7,getProductNameColor
FN:16,(anonymous_1)
FN:32,(anonymous_2)
FN:46,amountForInput
FN:54,(anonymous_4)
FN:58,toLocalDateString
FN:79,formatDateDDMMYYYY
FN:100,formatDateOnlyDisplay
FN:106,dateStringWithCurrentTimeISO
FN:114,dateStringToLocalMidnightISO
FN:120,getTodayDateString
FN:124,getShiftedLocalDateString
FN:130,getDateRangeByPreset
FN:141,normalizeDateRange
FN:149,(anonymous_14)
FN:152,(anonymous_15)
FNF:16
FNH:16
FNDA:8,getProductNameColor
FNDA:20,(anonymous_1)
FNDA:14,(anonymous_2)
FNDA:9,amountForInput
FNDA:4,(anonymous_4)
FNDA:23,toLocalDateString
FNDA:3,formatDateDDMMYYYY
FNDA:5,formatDateOnlyDisplay
FNDA:3,dateStringWithCurrentTimeISO
FNDA:2,dateStringToLocalMidnightISO
FNDA:9,getTodayDateString
FNDA:9,getShiftedLocalDateString
FNDA:7,getDateRangeByPreset
FNDA:3,normalizeDateRange
FNDA:6,(anonymous_14)
FNDA:6,(anonymous_15)
DA:4,6
DA:5,6
DA:8,8
DA:9,6
DA:10,6
DA:11,3
DA:12,2
DA:16,6
DA:21,20
DA:22,18
DA:23,18
DA:24,17
DA:25,17
DA:26,16
DA:32,6
DA:36,14
DA:37,12
DA:38,12
DA:39,11
DA:40,11
DA:47,9
DA:48,6
DA:49,6
DA:50,5
DA:54,6
DA:55,4
DA:59,23
DA:61,21
DA:62,2
DA:63,2
DA:64,2
DA:65,2
DA:67,0
DA:70,19
DA:72,21
DA:73,21
DA:74,21
DA:75,21
DA:76,21
DA:80,3
DA:82,2
DA:83,1
DA:84,1
DA:85,1
DA:86,1
DA:88,0
DA:91,1
DA:93,2
DA:94,2
DA:95,2
DA:96,2
DA:97,2
DA:101,5
DA:102,1
DA:103,1
DA:107,3
DA:108,1
DA:109,1
DA:110,1
DA:111,1
DA:115,2
DA:116,1
DA:117,1
DA:121,9
DA:125,9
DA:126,9
DA:127,9
DA:134,7
DA:135,7
DA:136,5
DA:137,1
DA:138,4
DA:142,3
DA:143,3
DA:144,2
DA:145,1
DA:149,6
DA:150,6
DA:152,6
DA:153,6
DA:154,1
DA:158,5
DA:162,5
DA:166,5
DA:170,5
DA:171,5
DA:173,5
LF:87
LH:85
BRDA:8,0,0,2
BRDA:8,0,1,6
BRDA:8,1,0,8
BRDA:8,1,1,6
BRDA:10,2,0,3
BRDA:10,2,1,3
BRDA:11,3,0,1
BRDA:11,3,1,2
BRDA:18,4,0,8
BRDA:19,5,0,19
BRDA:21,6,0,2
BRDA:21,6,1,18
BRDA:21,7,0,20
BRDA:21,7,1,19
BRDA:22,8,0,2
BRDA:22,8,1,16
BRDA:23,9,0,1
BRDA:23,9,1,17
BRDA:25,10,0,1
BRDA:25,10,1,16
BRDA:34,11,0,14
BRDA:36,12,0,2
BRDA:36,12,1,12
BRDA:36,13,0,14
BRDA:36,13,1,13
BRDA:37,14,0,2
BRDA:37,14,1,10
BRDA:38,15,0,1
BRDA:38,15,1,11
BRDA:47,16,0,3
BRDA:47,16,1,6
BRDA:47,17,0,9
BRDA:47,17,1,8
BRDA:47,17,2,7
BRDA:48,18,0,3
BRDA:48,18,1,3
BRDA:49,19,0,1
BRDA:49,19,1,5
BRDA:50,20,0,3
BRDA:50,20,1,2
BRDA:59,21,0,2
BRDA:59,21,1,21
BRDA:61,22,0,2
BRDA:61,22,1,19
BRDA:63,23,0,2
BRDA:63,23,1,0
BRDA:72,24,0,0
BRDA:72,24,1,21
BRDA:80,25,0,1
BRDA:80,25,1,2
BRDA:82,26,0,1
BRDA:82,26,1,1
BRDA:84,27,0,1
BRDA:84,27,1,0
BRDA:93,28,0,0
BRDA:93,28,1,2
BRDA:101,29,0,4
BRDA:101,29,1,1
BRDA:101,30,0,5
BRDA:101,30,1,3
BRDA:107,31,0,2
BRDA:107,31,1,1
BRDA:107,32,0,3
BRDA:107,32,1,2
BRDA:115,33,0,1
BRDA:115,33,1,1
BRDA:115,34,0,2
BRDA:115,34,1,1
BRDA:120,35,0,1
BRDA:124,36,0,1
BRDA:132,37,0,4
BRDA:135,38,0,2
BRDA:135,38,1,5
BRDA:136,39,0,1
BRDA:136,39,1,4
BRDA:143,40,0,1
BRDA:143,40,1,2
BRDA:143,41,0,3
BRDA:143,41,1,2
BRDA:144,42,0,1
BRDA:144,42,1,1
BRDA:150,43,0,6
BRDA:150,43,1,6
BRDA:150,43,2,6
BRDA:153,44,0,1
BRDA:153,44,1,5
BRDA:158,45,0,4
BRDA:158,45,1,1
BRDA:160,46,0,1
BRDA:160,46,1,0
BRDA:162,47,0,4
BRDA:162,47,1,1
BRDA:164,48,0,1
BRDA:164,48,1,0
BRDA:166,49,0,3
BRDA:166,49,1,2
BRDA:168,50,0,2
BRDA:168,50,1,1
BRDA:171,51,0,5
BRDA:171,51,1,3
BRDA:171,51,2,3
BRF:101
BRH:95
end_of_record
TN:
SF:src/utils/pdf.ts
FN:4,sharePdf
FN:13,invoicePdfHtml
FN:17,(anonymous_2)
FNF:3
FNH:0
FNDA:0,sharePdf
FNDA:0,invoicePdfHtml
FNDA:0,(anonymous_2)
DA:5,0
DA:6,0
DA:14,0
DA:15,0
DA:18,0
DA:28,0
DA:30,0
LF:7
LH:0
BRDA:4,0,0,0
BRDA:14,1,0,0
BRDA:14,1,1,0
BRDA:20,2,0,0
BRDA:20,2,1,0
BRDA:22,3,0,0
BRDA:22,3,1,0
BRDA:23,4,0,0
BRDA:23,4,1,0
BRDA:23,4,2,0
BRDA:28,5,0,0
BRDA:28,5,1,0
BRDA:28,5,2,0
BRDA:41,6,0,0
BRDA:41,6,1,0
BRDA:42,7,0,0
BRDA:42,7,1,0
BRDA:43,8,0,0
BRDA:43,8,1,0
BRDA:44,9,0,0
BRDA:44,9,1,0
BRDA:45,10,0,0
BRDA:45,10,1,0
BRF:23
BRH:0
end_of_record
TN:
SF:src/utils/priceValidation.ts
FN:4,getMinPrice
FN:16,getPriceValidationError
FN:28,getEffectivePrice
FN:40,allItemsHavePrices
FN:46,(anonymous_4)
FNF:5
FNH:5
FNDA:9,getMinPrice
FNDA:6,getPriceValidationError
FNDA:13,getEffectivePrice
FNDA:6,allItemsHavePrices
FNDA:6,(anonymous_4)
DA:6,9
DA:9,9
DA:10,9
DA:11,5
DA:13,4
DA:21,6
DA:22,5
DA:23,4
DA:24,4
DA:25,1
DA:29,13
DA:30,5
DA:31,3
DA:32,3
DA:34,8
DA:35,8
DA:36,5
DA:37,5
DA:45,6
DA:46,6
LF:20
LH:20
BRDA:6,0,0,5
BRDA:6,0,1,4
BRDA:6,1,0,9
BRDA:6,1,1,6
BRDA:9,2,0,9
BRDA:9,2,1,2
BRDA:9,3,0,9
BRDA:9,3,1,1
BRDA:10,4,0,5
BRDA:10,4,1,4
BRDA:10,5,0,9
BRDA:10,5,1,5
BRDA:21,6,0,1
BRDA:21,6,1,5
BRDA:22,7,0,1
BRDA:22,7,1,4
BRDA:24,8,0,3
BRDA:24,8,1,1
BRDA:24,9,0,4
BRDA:24,9,1,3
BRDA:29,10,0,5
BRDA:29,10,1,8
BRDA:30,11,0,2
BRDA:30,11,1,3
BRDA:32,12,0,1
BRDA:32,12,1,2
BRDA:35,13,0,3
BRDA:35,13,1,5
BRDA:35,14,0,8
BRDA:35,14,1,8
BRDA:35,14,2,6
BRDA:36,15,0,1
BRDA:36,15,1,4
BRDA:37,16,0,0
BRDA:37,16,1,5
BRDA:45,17,0,2
BRDA:45,17,1,4
BRDA:45,18,0,6
BRDA:45,18,1,5
BRF:39
BRH:38
end_of_record
